=== Mon 29 Jun 15:11:28 UTC 2026 ===
0, 15 MiB, 0 %
1, 794 MiB, 0 %
=== Mon 29 Jun 15:16:28 UTC 2026 ===
0, 15804 MiB, 99 %
1, 794 MiB, 0 %
=== Mon 29 Jun 15:21:28 UTC 2026 ===
0, 15804 MiB, 99 %
1, 794 MiB, 0 %
=== Mon 29 Jun 15:26:28 UTC 2026 ===
0, 15804 MiB, 68 %
1, 869 MiB, 0 %
=== Mon 29 Jun 15:31:28 UTC 2026 ===
0, 15804 MiB, 98 %
1, 869 MiB, 0 %
=== Mon 29 Jun 15:36:28 UTC 2026 ===
0, 15804 MiB, 99 %
1, 847 MiB, 0 %
=== Mon 29 Jun 15:41:28 UTC 2026 ===
0, 15804 MiB, 61 %
1, 847 MiB, 0 %
=== Mon 29 Jun 15:46:28 UTC 2026 ===
0, 15804 MiB, 98 %
1, 847 MiB, 0 %
=== Mon 29 Jun 15:51:28 UTC 2026 ===
0, 15804 MiB, 98 %
1, 847 MiB, 0 %
=== Mon 29 Jun 15:56:29 UTC 2026 ===
0, 15804 MiB, 82 %
1, 847 MiB, 0 %
=== Mon 29 Jun 16:01:29 UTC 2026 ===
0, 15804 MiB, 98 %
1, 847 MiB, 0 %
=== Mon 29 Jun 16:06:29 UTC 2026 ===
0, 15804 MiB, 72 %
1, 847 MiB, 0 %
=== Mon 29 Jun 16:11:29 UTC 2026 ===
0, 15804 MiB, 98 %
1, 847 MiB, 0 %
=== Mon 29 Jun 16:16:29 UTC 2026 ===
0, 15804 MiB, 98 %
1, 847 MiB, 0 %
=== Mon 29 Jun 16:21:29 UTC 2026 ===
0, 15804 MiB, 98 %
1, 847 MiB, 0 %
=== Mon 29 Jun 16:26:29 UTC 2026 ===
0, 15804 MiB, 57 %
1, 847 MiB, 0 %
=== Mon 29 Jun 16:31:29 UTC 2026 ===
0, 15804 MiB, 96 %
1, 847 MiB, 0 %
=== Mon 29 Jun 16:36:29 UTC 2026 ===
0, 15804 MiB, 96 %
1, 847 MiB, 0 %
=== Mon 29 Jun 16:41:29 UTC 2026 ===
0, 15804 MiB, 62 %
1, 847 MiB, 0 %
=== Mon 29 Jun 16:46:29 UTC 2026 ===
0, 15069 MiB, 0 %
1, 847 MiB, 0 %
=== Mon 29 Jun 16:51:29 UTC 2026 ===
0, 15804 MiB, 98 %
1, 847 MiB, 0 %
=== Mon 29 Jun 16:56:29 UTC 2026 ===
0, 15804 MiB, 61 %
1, 847 MiB, 0 %
=== Mon 29 Jun 17:01:29 UTC 2026 ===
0, 15804 MiB, 34 %
1, 847 MiB, 0 %
=== Mon 29 Jun 17:06:29 UTC 2026 ===
0, 15804 MiB, 60 %
1, 847 MiB, 0 %
=== Mon 29 Jun 17:11:29 UTC 2026 ===
0, 15804 MiB, 98 %
1, 847 MiB, 0 %
=== Mon 29 Jun 17:16:29 UTC 2026 ===
0, 15804 MiB, 72 %
1, 847 MiB, 0 %
=== Mon 29 Jun 17:21:29 UTC 2026 ===
0, 15804 MiB, 98 %
1, 847 MiB, 0 %
=== Mon 29 Jun 17:26:29 UTC 2026 ===
0, 15804 MiB, 78 %
1, 847 MiB, 0 %
=== Mon 29 Jun 17:31:29 UTC 2026 ===
0, 15804 MiB, 65 %
1, 847 MiB, 0 %
=== Mon 29 Jun 17:36:29 UTC 2026 ===
0, 15804 MiB, 98 %
1, 847 MiB, 0 %
=== Mon 29 Jun 17:41:29 UTC 2026 ===
0, 15804 MiB, 98 %
1, 847 MiB, 0 %
=== Mon 29 Jun 17:46:29 UTC 2026 ===
0, 15804 MiB, 99 %
1, 847 MiB, 0 %
=== Mon 29 Jun 17:51:30 UTC 2026 ===
0, 15804 MiB, 58 %
1, 847 MiB, 0 %
=== Mon 29 Jun 17:56:30 UTC 2026 ===
0, 15804 MiB, 78 %
1, 847 MiB, 0 %
=== Mon 29 Jun 18:01:30 UTC 2026 ===
0, 15804 MiB, 99 %
1, 847 MiB, 0 %
=== Mon 29 Jun 18:06:30 UTC 2026 ===
0, 15804 MiB, 61 %
1, 847 MiB, 0 %
=== Mon 29 Jun 18:11:30 UTC 2026 ===
0, 15804 MiB, 98 %
1, 847 MiB, 0 %
=== Mon 29 Jun 18:16:30 UTC 2026 ===
0, 15804 MiB, 82 %
1, 847 MiB, 0 %
=== Mon 29 Jun 18:21:30 UTC 2026 ===
0, 15804 MiB, 98 %
1, 847 MiB, 0 %
=== Mon 29 Jun 18:26:30 UTC 2026 ===
0, 15804 MiB, 98 %
1, 847 MiB, 0 %
=== Mon 29 Jun 18:31:30 UTC 2026 ===
0, 15804 MiB, 99 %
1, 847 MiB, 0 %
=== Mon 29 Jun 18:36:30 UTC 2026 ===
0, 15804 MiB, 98 %
1, 847 MiB, 0 %
=== Mon 29 Jun 18:41:30 UTC 2026 ===
0, 15804 MiB, 59 %
1, 847 MiB, 0 %
=== Mon 29 Jun 18:46:30 UTC 2026 ===
0, 14663 MiB, 0 %
1, 847 MiB, 0 %
=== Mon 29 Jun 18:51:30 UTC 2026 ===
0, 15 MiB, 0 %
1, 847 MiB, 0 %
=== Mon 29 Jun 18:56:30 UTC 2026 ===
0, 15 MiB, 0 %
1, 847 MiB, 0 %
=== Mon 29 Jun 19:01:30 UTC 2026 ===
0, 15 MiB, 0 %
1, 847 MiB, 0 %
=== Mon 29 Jun 19:06:30 UTC 2026 ===
0, 15 MiB, 0 %
1, 847 MiB, 0 %
=== Mon 29 Jun 19:11:30 UTC 2026 ===
0, 15 MiB, 0 %
1, 847 MiB, 0 %
=== Mon 29 Jun 19:16:30 UTC 2026 ===
0, 15 MiB, 0 %
1, 847 MiB, 0 %
=== Mon 29 Jun 19:21:30 UTC 2026 ===
0, 15 MiB, 0 %
1, 847 MiB, 0 %
=== Mon 29 Jun 19:26:30 UTC 2026 ===
0, 15 MiB, 0 %
1, 847 MiB, 0 %
=== Mon 29 Jun 19:31:30 UTC 2026 ===
0, 15 MiB, 0 %
1, 847 MiB, 0 %
=== Mon 29 Jun 19:36:31 UTC 2026 ===
0, 15 MiB, 0 %
1, 847 MiB, 0 %
=== Mon 29 Jun 19:41:31 UTC 2026 ===
0, 15 MiB, 0 %
1, 847 MiB, 0 %
=== Mon 29 Jun 19:46:31 UTC 2026 ===
0, 15 MiB, 0 %
1, 847 MiB, 0 %
=== Mon 29 Jun 19:51:31 UTC 2026 ===
0, 15 MiB, 0 %
1, 847 MiB, 0 %
=== Mon 29 Jun 19:56:31 UTC 2026 ===
0, 15 MiB, 0 %
1, 847 MiB, 0 %
=== Mon 29 Jun 20:01:31 UTC 2026 ===
0, 15 MiB, 0 %
1, 847 MiB, 0 %
=== Mon 29 Jun 20:06:31 UTC 2026 ===
0, 15 MiB, 0 %
1, 847 MiB, 0 %
=== Mon 29 Jun 20:11:31 UTC 2026 ===
0, 15 MiB, 0 %
1, 847 MiB, 0 %
=== Mon 29 Jun 20:16:31 UTC 2026 ===
0, 15 MiB, 0 %
1, 847 MiB, 0 %
=== Mon 29 Jun 20:21:31 UTC 2026 ===
0, 15 MiB, 0 %
1, 847 MiB, 0 %
=== Mon 29 Jun 20:26:31 UTC 2026 ===
0, 15 MiB, 0 %
1, 847 MiB, 0 %
=== Mon 29 Jun 20:31:31 UTC 2026 ===
0, 15 MiB, 0 %
1, 847 MiB, 0 %
=== Mon 29 Jun 20:36:31 UTC 2026 ===
0, 15 MiB, 0 %
1, 847 MiB, 0 %
=== Mon 29 Jun 20:41:31 UTC 2026 ===
0, 15 MiB, 0 %
1, 847 MiB, 0 %
=== Mon 29 Jun 20:46:31 UTC 2026 ===
0, 15 MiB, 0 %
1, 847 MiB, 0 %
=== Mon 29 Jun 20:51:31 UTC 2026 ===
0, 15 MiB, 0 %
1, 847 MiB, 0 %
=== Mon 29 Jun 20:56:31 UTC 2026 ===
0, 15 MiB, 0 %
1, 847 MiB, 0 %
=== Mon 29 Jun 21:01:31 UTC 2026 ===
0, 15 MiB, 0 %
1, 847 MiB, 0 %
=== Mon 29 Jun 21:06:32 UTC 2026 ===
0, 15 MiB, 0 %
1, 847 MiB, 0 %
=== Mon 29 Jun 21:11:32 UTC 2026 ===
0, 15 MiB, 0 %
1, 847 MiB, 0 %
=== Mon 29 Jun 21:16:32 UTC 2026 ===
0, 15 MiB, 0 %
1, 847 MiB, 0 %
=== Mon 29 Jun 21:21:32 UTC 2026 ===
0, 15 MiB, 0 %
1, 847 MiB, 0 %
=== Mon 29 Jun 21:26:32 UTC 2026 ===
0, 15 MiB, 0 %
1, 847 MiB, 0 %
=== Mon 29 Jun 21:31:32 UTC 2026 ===
0, 15 MiB, 0 %
1, 847 MiB, 0 %
=== Mon 29 Jun 21:36:32 UTC 2026 ===
0, 15 MiB, 0 %
1, 847 MiB, 0 %
=== Mon 29 Jun 21:41:32 UTC 2026 ===
0, 15 MiB, 0 %
1, 847 MiB, 0 %
=== Mon 29 Jun 21:46:32 UTC 2026 ===
0, 15 MiB, 0 %
1, 847 MiB, 0 %
=== Mon 29 Jun 21:51:32 UTC 2026 ===
0, 15 MiB, 0 %
1, 847 MiB, 0 %
=== Mon 29 Jun 21:56:32 UTC 2026 ===
0, 15 MiB, 0 %
1, 847 MiB, 0 %
=== Mon 29 Jun 22:01:32 UTC 2026 ===
0, 15 MiB, 0 %
1, 847 MiB, 0 %
=== Mon 29 Jun 22:06:32 UTC 2026 ===
0, 15 MiB, 0 %
1, 847 MiB, 0 %
=== Mon 29 Jun 22:11:32 UTC 2026 ===
0, 15 MiB, 0 %
1, 847 MiB, 0 %
=== Mon 29 Jun 22:16:32 UTC 2026 ===
0, 15 MiB, 0 %
1, 847 MiB, 0 %
=== Mon 29 Jun 22:21:32 UTC 2026 ===
0, 15 MiB, 0 %
1, 847 MiB, 0 %
=== Mon 29 Jun 22:26:32 UTC 2026 ===
0, 15 MiB, 0 %
1, 847 MiB, 0 %
=== Mon 29 Jun 22:31:32 UTC 2026 ===
0, 15 MiB, 0 %
1, 847 MiB, 0 %
=== Mon 29 Jun 22:36:33 UTC 2026 ===
0, 15 MiB, 0 %
1, 847 MiB, 0 %
=== Mon 29 Jun 22:41:33 UTC 2026 ===
0, 15 MiB, 0 %
1, 847 MiB, 0 %
=== Mon 29 Jun 22:46:33 UTC 2026 ===
0, 15 MiB, 0 %
1, 847 MiB, 0 %
=== Mon 29 Jun 22:51:33 UTC 2026 ===
0, 15 MiB, 0 %
1, 847 MiB, 0 %
=== Mon 29 Jun 22:56:33 UTC 2026 ===
0, 15 MiB, 0 %
1, 847 MiB, 0 %
=== Mon 29 Jun 23:01:33 UTC 2026 ===
0, 15 MiB, 0 %
1, 847 MiB, 0 %
=== Mon 29 Jun 23:06:33 UTC 2026 ===
0, 15 MiB, 0 %
1, 847 MiB, 0 %
=== Mon 29 Jun 23:11:33 UTC 2026 ===
0, 15 MiB, 0 %
1, 847 MiB, 0 %
=== Mon 29 Jun 23:16:33 UTC 2026 ===
0, 15 MiB, 0 %
1, 847 MiB, 0 %
=== Mon 29 Jun 23:21:33 UTC 2026 ===
0, 15 MiB, 0 %
1, 847 MiB, 0 %
=== Mon 29 Jun 23:26:33 UTC 2026 ===
0, 15 MiB, 0 %
1, 847 MiB, 0 %
=== Mon 29 Jun 23:31:33 UTC 2026 ===
0, 15 MiB, 0 %
1, 847 MiB, 0 %
=== Mon 29 Jun 23:36:33 UTC 2026 ===
0, 15 MiB, 0 %
1, 847 MiB, 0 %
=== Mon 29 Jun 23:41:33 UTC 2026 ===
0, 15 MiB, 0 %
1, 847 MiB, 0 %
=== Mon 29 Jun 23:46:33 UTC 2026 ===
0, 15 MiB, 0 %
1, 847 MiB, 0 %
=== Mon 29 Jun 23:51:33 UTC 2026 ===
0, 15 MiB, 0 %
1, 847 MiB, 0 %
=== Mon 29 Jun 23:56:33 UTC 2026 ===
0, 15 MiB, 0 %
1, 847 MiB, 0 %
=== Tue 30 Jun 00:01:33 UTC 2026 ===
0, 15 MiB, 0 %
1, 847 MiB, 0 %
=== Tue 30 Jun 00:06:33 UTC 2026 ===
0, 15 MiB, 0 %
1, 847 MiB, 0 %
=== Tue 30 Jun 00:11:33 UTC 2026 ===
0, 15 MiB, 0 %
1, 847 MiB, 0 %
=== Tue 30 Jun 00:16:34 UTC 2026 ===
0, 15 MiB, 0 %
1, 847 MiB, 0 %
=== Tue 30 Jun 00:21:34 UTC 2026 ===
0, 15 MiB, 0 %
1, 847 MiB, 0 %
=== Tue 30 Jun 00:26:34 UTC 2026 ===
0, 15 MiB, 0 %
1, 847 MiB, 0 %
=== Tue 30 Jun 00:31:34 UTC 2026 ===
0, 15 MiB, 0 %
1, 847 MiB, 0 %
=== Tue 30 Jun 00:36:34 UTC 2026 ===
0, 15 MiB, 0 %
1, 847 MiB, 0 %
=== Tue 30 Jun 00:41:34 UTC 2026 ===
0, 15 MiB, 0 %
1, 847 MiB, 0 %
=== Tue 30 Jun 00:46:34 UTC 2026 ===
0, 15 MiB, 0 %
1, 847 MiB, 0 %
=== Tue 30 Jun 00:51:34 UTC 2026 ===
0, 15 MiB, 0 %
1, 847 MiB, 0 %
=== Tue 30 Jun 00:56:34 UTC 2026 ===
0, 15 MiB, 0 %
1, 847 MiB, 0 %
=== Tue 30 Jun 01:01:34 UTC 2026 ===
0, 15 MiB, 0 %
1, 847 MiB, 0 %
=== Tue 30 Jun 01:06:34 UTC 2026 ===
0, 15 MiB, 0 %
1, 847 MiB, 0 %
=== Tue 30 Jun 01:11:34 UTC 2026 ===
0, 15 MiB, 0 %
1, 847 MiB, 0 %
=== Tue 30 Jun 01:16:34 UTC 2026 ===
0, 15 MiB, 0 %
1, 847 MiB, 0 %
=== Tue 30 Jun 01:21:34 UTC 2026 ===
0, 15 MiB, 0 %
1, 847 MiB, 0 %
=== Tue 30 Jun 01:26:34 UTC 2026 ===
0, 15 MiB, 0 %
1, 847 MiB, 1 %
=== Tue 30 Jun 01:31:34 UTC 2026 ===
0, 15 MiB, 0 %
1, 847 MiB, 0 %
=== Tue 30 Jun 01:36:34 UTC 2026 ===
0, 15 MiB, 0 %
1, 847 MiB, 0 %
=== Tue 30 Jun 01:41:34 UTC 2026 ===
0, 15 MiB, 0 %
1, 847 MiB, 0 %
=== Tue 30 Jun 01:46:35 UTC 2026 ===
0, 15 MiB, 0 %
1, 847 MiB, 0 %
=== Tue 30 Jun 01:51:35 UTC 2026 ===
0, 15 MiB, 0 %
1, 847 MiB, 0 %
=== Tue 30 Jun 01:56:35 UTC 2026 ===
0, 15 MiB, 0 %
1, 847 MiB, 0 %
=== Tue 30 Jun 02:01:35 UTC 2026 ===
0, 15 MiB, 0 %
1, 847 MiB, 0 %
=== Tue 30 Jun 02:06:35 UTC 2026 ===
0, 15 MiB, 0 %
1, 847 MiB, 0 %
=== Tue 30 Jun 02:11:35 UTC 2026 ===
0, 15 MiB, 0 %
1, 847 MiB, 0 %
=== Tue 30 Jun 02:16:35 UTC 2026 ===
0, 15 MiB, 0 %
1, 847 MiB, 0 %
=== Tue 30 Jun 02:21:35 UTC 2026 ===
0, 15 MiB, 0 %
1, 847 MiB, 0 %
=== Tue 30 Jun 02:26:35 UTC 2026 ===
0, 15 MiB, 0 %
1, 847 MiB, 0 %
=== Tue 30 Jun 02:31:35 UTC 2026 ===
0, 15 MiB, 0 %
1, 847 MiB, 0 %
=== Tue 30 Jun 02:36:35 UTC 2026 ===
0, 15 MiB, 0 %
1, 847 MiB, 0 %
=== Tue 30 Jun 02:41:35 UTC 2026 ===
0, 15 MiB, 0 %
1, 847 MiB, 0 %
=== Tue 30 Jun 02:46:35 UTC 2026 ===
0, 15 MiB, 0 %
1, 847 MiB, 0 %
=== Tue 30 Jun 02:51:35 UTC 2026 ===
0, 15 MiB, 0 %
1, 847 MiB, 0 %
=== Tue 30 Jun 02:56:35 UTC 2026 ===
0, 15 MiB, 0 %
1, 847 MiB, 0 %
=== Tue 30 Jun 03:01:35 UTC 2026 ===
0, 15 MiB, 0 %
1, 847 MiB, 0 %
=== Tue 30 Jun 03:06:35 UTC 2026 ===
0, 15 MiB, 0 %
1, 847 MiB, 0 %
=== Tue 30 Jun 03:11:35 UTC 2026 ===
0, 15 MiB, 0 %
1, 847 MiB, 0 %
=== Tue 30 Jun 03:16:35 UTC 2026 ===
0, 15 MiB, 0 %
1, 847 MiB, 0 %
=== Tue 30 Jun 03:21:36 UTC 2026 ===
0, 15 MiB, 0 %
1, 847 MiB, 0 %
=== Tue 30 Jun 03:26:36 UTC 2026 ===
0, 15 MiB, 0 %
1, 847 MiB, 0 %
=== Tue 30 Jun 03:31:36 UTC 2026 ===
0, 15 MiB, 0 %
1, 847 MiB, 0 %
=== Tue 30 Jun 03:36:36 UTC 2026 ===
0, 15 MiB, 0 %
1, 847 MiB, 0 %
=== Tue 30 Jun 03:41:36 UTC 2026 ===
0, 15 MiB, 0 %
1, 847 MiB, 0 %
=== Tue 30 Jun 03:46:36 UTC 2026 ===
0, 15 MiB, 0 %
1, 847 MiB, 0 %
=== Tue 30 Jun 03:51:36 UTC 2026 ===
0, 15 MiB, 0 %
1, 847 MiB, 0 %
=== Tue 30 Jun 03:56:36 UTC 2026 ===
0, 15 MiB, 0 %
1, 847 MiB, 0 %
=== Tue 30 Jun 04:01:36 UTC 2026 ===
0, 15 MiB, 0 %
1, 847 MiB, 0 %
=== Tue 30 Jun 04:06:36 UTC 2026 ===
0, 15 MiB, 0 %
1, 847 MiB, 0 %
=== Tue 30 Jun 04:11:36 UTC 2026 ===
0, 15 MiB, 0 %
1, 847 MiB, 0 %
=== Tue 30 Jun 04:16:36 UTC 2026 ===
0, 15 MiB, 0 %
1, 847 MiB, 0 %
=== Tue 30 Jun 04:21:36 UTC 2026 ===
0, 15 MiB, 0 %
1, 847 MiB, 0 %
=== Tue 30 Jun 04:26:36 UTC 2026 ===
0, 15 MiB, 0 %
1, 847 MiB, 0 %
=== Tue 30 Jun 04:31:36 UTC 2026 ===
0, 15 MiB, 0 %
1, 847 MiB, 0 %
=== Tue 30 Jun 04:36:36 UTC 2026 ===
0, 15 MiB, 0 %
1, 847 MiB, 0 %
=== Tue 30 Jun 04:41:36 UTC 2026 ===
0, 15 MiB, 0 %
1, 847 MiB, 0 %
=== Tue 30 Jun 04:46:36 UTC 2026 ===
0, 15 MiB, 0 %
1, 847 MiB, 0 %
=== Tue 30 Jun 04:51:37 UTC 2026 ===
0, 15 MiB, 0 %
1, 847 MiB, 0 %
=== Tue 30 Jun 04:56:37 UTC 2026 ===
0, 15 MiB, 0 %
1, 847 MiB, 0 %
=== Tue 30 Jun 05:01:37 UTC 2026 ===
0, 15 MiB, 0 %
1, 847 MiB, 0 %
=== Tue 30 Jun 05:06:37 UTC 2026 ===
0, 15 MiB, 0 %
1, 847 MiB, 0 %
=== Tue 30 Jun 05:11:37 UTC 2026 ===
0, 15 MiB, 0 %
1, 847 MiB, 0 %
=== Tue 30 Jun 05:16:37 UTC 2026 ===
0, 15 MiB, 0 %
1, 847 MiB, 0 %
=== Tue 30 Jun 05:21:37 UTC 2026 ===
0, 15 MiB, 0 %
1, 847 MiB, 0 %
=== Tue 30 Jun 05:26:37 UTC 2026 ===
0, 15 MiB, 0 %
1, 847 MiB, 0 %
=== Tue 30 Jun 05:31:37 UTC 2026 ===
0, 15 MiB, 0 %
1, 847 MiB, 0 %
=== Tue 30 Jun 05:36:37 UTC 2026 ===
0, 15 MiB, 0 %
1, 847 MiB, 0 %
=== Tue 30 Jun 05:41:37 UTC 2026 ===
0, 15 MiB, 0 %
1, 847 MiB, 0 %
=== Tue 30 Jun 05:46:37 UTC 2026 ===
0, 15 MiB, 0 %
1, 847 MiB, 0 %
=== Tue 30 Jun 05:51:37 UTC 2026 ===
0, 15 MiB, 0 %
1, 847 MiB, 0 %
=== Tue 30 Jun 05:56:37 UTC 2026 ===
0, 15 MiB, 0 %
1, 847 MiB, 0 %
=== Tue 30 Jun 06:01:37 UTC 2026 ===
0, 15 MiB, 0 %
1, 847 MiB, 0 %
=== Tue 30 Jun 06:06:37 UTC 2026 ===
0, 15 MiB, 0 %
1, 847 MiB, 0 %
=== Tue 30 Jun 06:11:37 UTC 2026 ===
0, 15 MiB, 0 %
1, 847 MiB, 0 %
=== Tue 30 Jun 06:16:37 UTC 2026 ===
0, 15 MiB, 0 %
1, 847 MiB, 0 %
=== Tue 30 Jun 06:21:38 UTC 2026 ===
0, 15 MiB, 0 %
1, 847 MiB, 0 %
=== Tue 30 Jun 06:26:38 UTC 2026 ===
0, 15 MiB, 0 %
1, 847 MiB, 0 %
=== Tue 30 Jun 06:31:38 UTC 2026 ===
0, 15 MiB, 0 %
1, 847 MiB, 0 %
=== Tue 30 Jun 06:36:38 UTC 2026 ===
0, 15 MiB, 0 %
1, 847 MiB, 0 %
=== Tue 30 Jun 06:41:38 UTC 2026 ===
0, 15 MiB, 0 %
1, 847 MiB, 0 %
=== Tue 30 Jun 06:46:38 UTC 2026 ===
0, 15 MiB, 0 %
1, 847 MiB, 0 %
=== Tue 30 Jun 06:51:38 UTC 2026 ===
0, 15 MiB, 0 %
1, 847 MiB, 0 %
=== Tue 30 Jun 06:56:38 UTC 2026 ===
0, 15 MiB, 0 %
1, 847 MiB, 0 %
=== Tue 30 Jun 07:01:38 UTC 2026 ===
0, 15 MiB, 0 %
1, 847 MiB, 0 %
=== Tue 30 Jun 07:06:38 UTC 2026 ===
0, 15 MiB, 0 %
1, 847 MiB, 0 %
=== Tue 30 Jun 07:11:38 UTC 2026 ===
0, 15 MiB, 0 %
1, 847 MiB, 0 %
=== Tue 30 Jun 07:16:38 UTC 2026 ===
0, 15 MiB, 0 %
1, 847 MiB, 0 %
=== Tue 30 Jun 07:21:38 UTC 2026 ===
0, 15 MiB, 0 %
1, 847 MiB, 0 %
=== Tue 30 Jun 07:26:38 UTC 2026 ===
0, 15 MiB, 0 %
1, 847 MiB, 0 %
=== Tue 30 Jun 07:31:38 UTC 2026 ===
0, 15 MiB, 0 %
1, 847 MiB, 0 %
=== Tue 30 Jun 07:36:38 UTC 2026 ===
0, 15 MiB, 0 %
1, 847 MiB, 0 %
=== Tue 30 Jun 07:41:38 UTC 2026 ===
0, 15 MiB, 0 %
1, 847 MiB, 0 %
=== Tue 30 Jun 07:46:38 UTC 2026 ===
0, 15 MiB, 0 %
1, 847 MiB, 0 %
=== Tue 30 Jun 07:51:38 UTC 2026 ===
0, 15 MiB, 0 %
1, 847 MiB, 0 %
=== Tue 30 Jun 07:56:39 UTC 2026 ===
0, 15 MiB, 0 %
1, 847 MiB, 0 %
=== Tue 30 Jun 08:01:39 UTC 2026 ===
0, 15 MiB, 0 %
1, 847 MiB, 0 %
=== Tue 30 Jun 08:06:39 UTC 2026 ===
0, 15 MiB, 0 %
1, 847 MiB, 0 %
=== Tue 30 Jun 08:11:39 UTC 2026 ===
0, 15 MiB, 0 %
1, 847 MiB, 0 %
=== Tue 30 Jun 08:16:39 UTC 2026 ===
0, 15 MiB, 0 %
1, 847 MiB, 0 %
=== Tue 30 Jun 08:21:39 UTC 2026 ===
0, 15 MiB, 0 %
1, 847 MiB, 0 %
=== Tue 30 Jun 08:26:39 UTC 2026 ===
0, 15 MiB, 0 %
1, 847 MiB, 0 %
=== Tue 30 Jun 08:31:39 UTC 2026 ===
0, 15 MiB, 0 %
1, 847 MiB, 0 %
=== Tue 30 Jun 08:36:39 UTC 2026 ===
0, 15 MiB, 0 %
1, 847 MiB, 0 %
=== Tue 30 Jun 08:41:39 UTC 2026 ===
0, 15 MiB, 0 %
1, 847 MiB, 0 %
=== Tue 30 Jun 08:46:39 UTC 2026 ===
0, 15 MiB, 0 %
1, 847 MiB, 0 %
=== Tue 30 Jun 08:51:39 UTC 2026 ===
0, 15 MiB, 0 %
1, 847 MiB, 0 %
=== Tue 30 Jun 08:56:39 UTC 2026 ===
0, 15 MiB, 0 %
1, 847 MiB, 0 %
=== Tue 30 Jun 09:01:39 UTC 2026 ===
0, 15 MiB, 0 %
1, 847 MiB, 0 %
=== Tue 30 Jun 09:06:39 UTC 2026 ===
0, 15 MiB, 0 %
1, 847 MiB, 0 %
=== Tue 30 Jun 09:11:39 UTC 2026 ===
0, 15 MiB, 0 %
1, 847 MiB, 0 %
=== Tue 30 Jun 09:16:39 UTC 2026 ===
0, 15 MiB, 0 %
1, 847 MiB, 0 %
=== Tue 30 Jun 09:21:39 UTC 2026 ===
0, 15 MiB, 0 %
1, 847 MiB, 0 %
=== Tue 30 Jun 09:26:40 UTC 2026 ===
0, 15 MiB, 0 %
1, 847 MiB, 0 %
=== Tue 30 Jun 09:31:40 UTC 2026 ===
0, 15 MiB, 0 %
1, 847 MiB, 0 %
=== Tue 30 Jun 09:36:40 UTC 2026 ===
0, 15 MiB, 0 %
1, 847 MiB, 0 %
=== Tue 30 Jun 09:41:40 UTC 2026 ===
0, 15 MiB, 0 %
1, 847 MiB, 0 %
=== Tue 30 Jun 09:46:40 UTC 2026 ===
0, 15 MiB, 0 %
1, 847 MiB, 0 %
=== Tue 30 Jun 09:51:40 UTC 2026 ===
0, 15 MiB, 0 %
1, 847 MiB, 0 %
=== Tue 30 Jun 09:56:40 UTC 2026 ===
0, 15 MiB, 0 %
1, 847 MiB, 0 %
=== Tue 30 Jun 10:01:40 UTC 2026 ===
0, 15 MiB, 0 %
1, 847 MiB, 0 %
=== Tue 30 Jun 10:06:40 UTC 2026 ===
0, 15 MiB, 0 %
1, 847 MiB, 0 %
=== Tue 30 Jun 10:11:40 UTC 2026 ===
0, 15 MiB, 0 %
1, 847 MiB, 0 %
=== Tue 30 Jun 10:16:40 UTC 2026 ===
0, 15 MiB, 0 %
1, 847 MiB, 0 %
=== Tue 30 Jun 10:21:40 UTC 2026 ===
0, 15 MiB, 0 %
1, 847 MiB, 0 %
=== Tue 30 Jun 10:26:40 UTC 2026 ===
0, 15 MiB, 0 %
1, 847 MiB, 0 %
=== Tue 30 Jun 10:31:40 UTC 2026 ===
0, 15 MiB, 0 %
1, 847 MiB, 0 %
=== Tue 30 Jun 10:36:40 UTC 2026 ===
0, 15 MiB, 0 %
1, 847 MiB, 0 %
=== Tue 30 Jun 10:41:40 UTC 2026 ===
0, 15 MiB, 0 %
1, 847 MiB, 0 %
=== Tue 30 Jun 10:46:40 UTC 2026 ===
0, 15 MiB, 0 %
1, 847 MiB, 0 %
=== Tue 30 Jun 10:51:40 UTC 2026 ===
0, 15 MiB, 0 %
1, 847 MiB, 0 %
=== Tue 30 Jun 10:56:41 UTC 2026 ===
0, 15 MiB, 0 %
1, 847 MiB, 0 %
=== Tue 30 Jun 11:01:41 UTC 2026 ===
0, 15 MiB, 0 %
1, 847 MiB, 0 %
=== Tue 30 Jun 11:06:41 UTC 2026 ===
0, 15 MiB, 0 %
1, 847 MiB, 0 %
=== Tue 30 Jun 11:11:41 UTC 2026 ===
0, 15 MiB, 0 %
1, 847 MiB, 0 %
=== Tue 30 Jun 11:16:41 UTC 2026 ===
0, 15 MiB, 0 %
1, 847 MiB, 0 %
=== Tue 30 Jun 11:21:41 UTC 2026 ===
0, 15 MiB, 0 %
1, 847 MiB, 0 %
=== Tue 30 Jun 11:26:41 UTC 2026 ===
0, 15 MiB, 0 %
1, 847 MiB, 0 %
=== Tue 30 Jun 11:31:41 UTC 2026 ===
0, 15 MiB, 0 %
1, 847 MiB, 0 %
=== Tue 30 Jun 11:36:41 UTC 2026 ===
0, 15 MiB, 0 %
1, 847 MiB, 0 %
=== Tue 30 Jun 11:41:41 UTC 2026 ===
0, 15 MiB, 0 %
1, 847 MiB, 0 %
=== Tue 30 Jun 11:46:41 UTC 2026 ===
0, 15 MiB, 0 %
1, 847 MiB, 0 %
=== Tue 30 Jun 11:51:41 UTC 2026 ===
0, 15 MiB, 0 %
1, 847 MiB, 0 %
=== Tue 30 Jun 11:56:41 UTC 2026 ===
0, 15 MiB, 0 %
1, 847 MiB, 0 %
=== Tue 30 Jun 12:01:41 UTC 2026 ===
0, 15 MiB, 0 %
1, 847 MiB, 0 %
=== Tue 30 Jun 12:06:41 UTC 2026 ===
0, 15 MiB, 0 %
1, 847 MiB, 0 %
=== Tue 30 Jun 12:11:41 UTC 2026 ===
0, 15 MiB, 0 %
1, 847 MiB, 0 %
=== Tue 30 Jun 12:16:41 UTC 2026 ===
0, 15 MiB, 0 %
1, 847 MiB, 0 %
=== Tue 30 Jun 12:21:41 UTC 2026 ===
0, 15 MiB, 0 %
1, 847 MiB, 0 %
=== Tue 30 Jun 12:26:41 UTC 2026 ===
0, 15 MiB, 0 %
1, 847 MiB, 0 %
=== Tue 30 Jun 12:31:42 UTC 2026 ===
0, 15 MiB, 0 %
1, 847 MiB, 0 %
=== Tue 30 Jun 12:36:42 UTC 2026 ===
0, 15 MiB, 0 %
1, 847 MiB, 0 %
=== Tue 30 Jun 12:41:42 UTC 2026 ===
0, 15 MiB, 0 %
1, 847 MiB, 0 %
=== Tue 30 Jun 12:46:42 UTC 2026 ===
0, 15 MiB, 0 %
1, 847 MiB, 1 %
=== Tue 30 Jun 12:51:42 UTC 2026 ===
0, 15 MiB, 0 %
1, 847 MiB, 0 %
=== Tue 30 Jun 12:56:42 UTC 2026 ===
0, 15 MiB, 0 %
1, 847 MiB, 0 %
=== Tue 30 Jun 13:01:42 UTC 2026 ===
0, 15 MiB, 0 %
1, 847 MiB, 0 %
=== Tue 30 Jun 13:06:42 UTC 2026 ===
0, 15 MiB, 0 %
1, 847 MiB, 0 %
=== Tue 30 Jun 13:11:42 UTC 2026 ===
0, 15 MiB, 0 %
1, 847 MiB, 0 %
=== Tue 30 Jun 13:16:42 UTC 2026 ===
0, 15 MiB, 0 %
1, 847 MiB, 0 %
=== Tue 30 Jun 13:21:42 UTC 2026 ===
0, 15 MiB, 0 %
1, 847 MiB, 1 %
=== Tue 30 Jun 13:26:42 UTC 2026 ===
0, 15 MiB, 0 %
1, 847 MiB, 0 %
=== Tue 30 Jun 13:31:42 UTC 2026 ===
0, 15 MiB, 0 %
1, 847 MiB, 0 %
=== Tue 30 Jun 13:36:42 UTC 2026 ===
0, 15 MiB, 0 %
1, 847 MiB, 0 %
=== Tue 30 Jun 13:41:42 UTC 2026 ===
0, 15 MiB, 0 %
1, 847 MiB, 0 %
=== Tue 30 Jun 13:46:42 UTC 2026 ===
0, 15 MiB, 0 %
1, 847 MiB, 0 %
=== Tue 30 Jun 13:51:42 UTC 2026 ===
0, 15 MiB, 0 %
1, 847 MiB, 0 %
=== Tue 30 Jun 13:56:42 UTC 2026 ===
0, 15 MiB, 0 %
1, 847 MiB, 0 %
=== Tue 30 Jun 14:01:43 UTC 2026 ===
0, 15 MiB, 0 %
1, 847 MiB, 0 %
=== Tue 30 Jun 14:06:43 UTC 2026 ===
0, 15 MiB, 0 %
1, 847 MiB, 0 %
=== Tue 30 Jun 14:11:43 UTC 2026 ===
0, 15 MiB, 0 %
1, 847 MiB, 0 %
=== Tue 30 Jun 14:16:43 UTC 2026 ===
0, 15 MiB, 0 %
1, 847 MiB, 0 %
=== Tue 30 Jun 14:21:43 UTC 2026 ===
0, 15 MiB, 0 %
1, 847 MiB, 0 %
=== Tue 30 Jun 14:26:43 UTC 2026 ===
0, 15 MiB, 0 %
1, 847 MiB, 0 %
=== Tue 30 Jun 14:31:43 UTC 2026 ===
0, 15 MiB, 0 %
1, 847 MiB, 0 %
=== Tue 30 Jun 14:36:43 UTC 2026 ===
0, 15 MiB, 0 %
1, 847 MiB, 0 %
=== Tue 30 Jun 14:41:43 UTC 2026 ===
0, 15 MiB, 0 %
1, 847 MiB, 0 %
=== Tue 30 Jun 14:46:43 UTC 2026 ===
0, 15 MiB, 0 %
1, 847 MiB, 0 %
=== Tue 30 Jun 14:51:43 UTC 2026 ===
0, 15 MiB, 0 %
1, 847 MiB, 0 %
=== Tue 30 Jun 14:56:43 UTC 2026 ===
0, 15 MiB, 0 %
1, 847 MiB, 0 %
=== Tue 30 Jun 15:01:43 UTC 2026 ===
0, 15 MiB, 0 %
1, 847 MiB, 0 %
=== Tue 30 Jun 15:06:43 UTC 2026 ===
0, 15 MiB, 0 %
1, 847 MiB, 0 %
=== Tue 30 Jun 15:11:43 UTC 2026 ===
0, 15 MiB, 0 %
1, 847 MiB, 0 %
=== Tue 30 Jun 15:16:43 UTC 2026 ===
0, 15 MiB, 0 %
1, 847 MiB, 0 %
=== Tue 30 Jun 15:21:43 UTC 2026 ===
0, 15 MiB, 0 %
1, 847 MiB, 0 %
=== Tue 30 Jun 15:26:43 UTC 2026 ===
0, 15 MiB, 0 %
1, 847 MiB, 0 %
=== Tue 30 Jun 15:31:44 UTC 2026 ===
0, 15 MiB, 0 %
1, 847 MiB, 0 %
=== Tue 30 Jun 15:36:44 UTC 2026 ===
0, 15 MiB, 0 %
1, 847 MiB, 0 %
=== Tue 30 Jun 15:41:44 UTC 2026 ===
0, 15 MiB, 0 %
1, 847 MiB, 0 %
=== Tue 30 Jun 15:46:44 UTC 2026 ===
0, 15 MiB, 0 %
1, 847 MiB, 0 %
=== Tue 30 Jun 15:51:44 UTC 2026 ===
0, 15 MiB, 0 %
1, 847 MiB, 0 %
=== Tue 30 Jun 15:56:44 UTC 2026 ===
0, 15 MiB, 0 %
1, 847 MiB, 0 %
=== Tue 30 Jun 16:01:44 UTC 2026 ===
0, 15 MiB, 0 %
1, 847 MiB, 0 %
=== Tue 30 Jun 16:06:44 UTC 2026 ===
0, 15 MiB, 0 %
1, 847 MiB, 0 %
=== Tue 30 Jun 16:11:44 UTC 2026 ===
0, 15 MiB, 0 %
1, 847 MiB, 0 %
=== Tue 30 Jun 16:16:44 UTC 2026 ===
0, 15 MiB, 0 %
1, 847 MiB, 0 %
=== Tue 30 Jun 16:21:44 UTC 2026 ===
0, 15 MiB, 0 %
1, 847 MiB, 0 %
=== Tue 30 Jun 16:26:44 UTC 2026 ===
0, 15 MiB, 0 %
1, 847 MiB, 0 %
=== Tue 30 Jun 16:31:44 UTC 2026 ===
0, 15 MiB, 0 %
1, 847 MiB, 0 %
=== Tue 30 Jun 16:36:44 UTC 2026 ===
0, 15 MiB, 0 %
1, 847 MiB, 0 %
=== Tue 30 Jun 16:41:44 UTC 2026 ===
0, 15 MiB, 0 %
1, 847 MiB, 0 %
=== Tue 30 Jun 16:46:44 UTC 2026 ===
0, 15 MiB, 0 %
1, 847 MiB, 0 %
=== Tue 30 Jun 16:51:44 UTC 2026 ===
0, 15 MiB, 0 %
1, 847 MiB, 0 %
=== Tue 30 Jun 16:56:44 UTC 2026 ===
0, 15 MiB, 0 %
1, 847 MiB, 0 %
=== Tue 30 Jun 17:01:44 UTC 2026 ===
0, 15 MiB, 0 %
1, 847 MiB, 0 %
=== Tue 30 Jun 17:06:44 UTC 2026 ===
0, 15 MiB, 0 %
1, 847 MiB, 0 %
=== Tue 30 Jun 17:11:44 UTC 2026 ===
0, 15 MiB, 0 %
1, 847 MiB, 0 %
=== Tue 30 Jun 17:16:45 UTC 2026 ===
0, 15 MiB, 0 %
1, 847 MiB, 0 %
=== Tue 30 Jun 17:21:45 UTC 2026 ===
0, 15 MiB, 0 %
1, 847 MiB, 0 %
=== Tue 30 Jun 17:26:45 UTC 2026 ===
0, 15 MiB, 0 %
1, 847 MiB, 0 %
=== Tue 30 Jun 17:31:45 UTC 2026 ===
0, 15 MiB, 0 %
1, 847 MiB, 0 %
=== Tue 30 Jun 17:36:45 UTC 2026 ===
0, 15 MiB, 0 %
1, 847 MiB, 0 %
=== Tue 30 Jun 17:41:45 UTC 2026 ===
0, 15 MiB, 0 %
1, 847 MiB, 0 %
=== Tue 30 Jun 17:46:45 UTC 2026 ===
0, 15 MiB, 0 %
1, 847 MiB, 0 %
=== Tue 30 Jun 17:51:45 UTC 2026 ===
0, 15 MiB, 0 %
1, 847 MiB, 0 %
=== Tue 30 Jun 17:56:45 UTC 2026 ===
0, 15 MiB, 0 %
1, 847 MiB, 0 %
=== Tue 30 Jun 18:01:45 UTC 2026 ===
0, 15 MiB, 0 %
1, 847 MiB, 0 %
=== Tue 30 Jun 18:06:45 UTC 2026 ===
0, 15 MiB, 0 %
1, 847 MiB, 0 %
=== Tue 30 Jun 18:11:45 UTC 2026 ===
0, 15 MiB, 0 %
1, 847 MiB, 0 %
=== Tue 30 Jun 18:16:45 UTC 2026 ===
0, 15 MiB, 0 %
1, 847 MiB, 0 %
=== Tue 30 Jun 18:21:45 UTC 2026 ===
0, 15 MiB, 0 %
1, 847 MiB, 0 %
=== Tue 30 Jun 18:26:45 UTC 2026 ===
0, 15 MiB, 0 %
1, 847 MiB, 0 %
=== Tue 30 Jun 18:31:45 UTC 2026 ===
0, 15 MiB, 0 %
1, 847 MiB, 0 %
=== Tue 30 Jun 18:36:45 UTC 2026 ===
0, 15 MiB, 0 %
1, 847 MiB, 0 %
=== Tue 30 Jun 18:41:45 UTC 2026 ===
0, 15 MiB, 1 %
1, 847 MiB, 0 %
=== Tue 30 Jun 18:46:45 UTC 2026 ===
0, 15 MiB, 0 %
1, 847 MiB, 0 %
=== Tue 30 Jun 18:51:45 UTC 2026 ===
0, 15 MiB, 0 %
1, 847 MiB, 0 %
=== Tue 30 Jun 18:56:45 UTC 2026 ===
0, 15 MiB, 0 %
1, 847 MiB, 0 %
=== Tue 30 Jun 19:01:45 UTC 2026 ===
0, 15 MiB, 0 %
1, 847 MiB, 0 %
=== Tue 30 Jun 19:06:45 UTC 2026 ===
0, 15 MiB, 0 %
1, 847 MiB, 0 %
=== Tue 30 Jun 19:11:46 UTC 2026 ===
0, 15 MiB, 0 %
1, 847 MiB, 0 %
=== Tue 30 Jun 19:16:46 UTC 2026 ===
0, 15 MiB, 0 %
1, 847 MiB, 0 %
=== Tue 30 Jun 19:21:46 UTC 2026 ===
0, 15 MiB, 0 %
1, 847 MiB, 0 %
=== Tue 30 Jun 19:26:46 UTC 2026 ===
0, 15 MiB, 0 %
1, 847 MiB, 0 %
=== Tue 30 Jun 19:31:46 UTC 2026 ===
0, 15 MiB, 0 %
1, 849 MiB, 0 %
=== Tue 30 Jun 19:36:46 UTC 2026 ===
0, 15 MiB, 0 %
1, 849 MiB, 0 %
=== Tue 30 Jun 19:41:46 UTC 2026 ===
0, 15 MiB, 0 %
1, 849 MiB, 0 %
=== Tue 30 Jun 19:46:46 UTC 2026 ===
0, 15 MiB, 0 %
1, 849 MiB, 0 %
=== Tue 30 Jun 19:51:46 UTC 2026 ===
0, 15 MiB, 1 %
1, 849 MiB, 0 %
=== Tue 30 Jun 19:56:46 UTC 2026 ===
0, 15 MiB, 0 %
1, 849 MiB, 0 %
=== Tue 30 Jun 20:01:46 UTC 2026 ===
0, 15 MiB, 0 %
1, 849 MiB, 0 %
=== Tue 30 Jun 20:06:46 UTC 2026 ===
0, 15 MiB, 0 %
1, 849 MiB, 0 %
=== Tue 30 Jun 20:11:46 UTC 2026 ===
0, 15 MiB, 0 %
1, 849 MiB, 0 %
=== Tue 30 Jun 20:16:46 UTC 2026 ===
0, 15 MiB, 0 %
1, 849 MiB, 0 %
=== Tue 30 Jun 20:21:46 UTC 2026 ===
0, 15 MiB, 0 %
1, 849 MiB, 0 %
=== Tue 30 Jun 20:26:46 UTC 2026 ===
0, 15 MiB, 0 %
1, 849 MiB, 0 %
=== Tue 30 Jun 20:31:46 UTC 2026 ===
0, 15 MiB, 0 %
1, 849 MiB, 0 %
=== Tue 30 Jun 20:36:46 UTC 2026 ===
0, 15 MiB, 0 %
1, 849 MiB, 0 %
=== Tue 30 Jun 20:41:47 UTC 2026 ===
0, 15 MiB, 0 %
1, 849 MiB, 0 %
=== Tue 30 Jun 20:46:47 UTC 2026 ===
0, 15 MiB, 0 %
1, 849 MiB, 0 %
=== Tue 30 Jun 20:51:47 UTC 2026 ===
0, 15 MiB, 0 %
1, 849 MiB, 0 %
=== Tue 30 Jun 20:56:47 UTC 2026 ===
0, 15 MiB, 0 %
1, 849 MiB, 0 %
=== Tue 30 Jun 21:01:47 UTC 2026 ===
0, 15 MiB, 0 %
1, 849 MiB, 0 %
=== Tue 30 Jun 21:06:47 UTC 2026 ===
0, 15 MiB, 0 %
1, 849 MiB, 0 %
=== Tue 30 Jun 21:11:47 UTC 2026 ===
0, 15 MiB, 0 %
1, 849 MiB, 0 %
=== Tue 30 Jun 21:16:47 UTC 2026 ===
0, 15 MiB, 0 %
1, 849 MiB, 0 %
=== Tue 30 Jun 21:21:47 UTC 2026 ===
0, 15 MiB, 0 %
1, 849 MiB, 0 %
=== Tue 30 Jun 21:26:47 UTC 2026 ===
0, 15 MiB, 0 %
1, 849 MiB, 0 %
=== Tue 30 Jun 21:31:47 UTC 2026 ===
0, 15 MiB, 0 %
1, 849 MiB, 0 %
=== Tue 30 Jun 21:36:47 UTC 2026 ===
0, 15 MiB, 0 %
1, 849 MiB, 0 %
=== Tue 30 Jun 21:41:47 UTC 2026 ===
0, 15 MiB, 0 %
1, 849 MiB, 0 %
=== Tue 30 Jun 21:46:47 UTC 2026 ===
0, 15 MiB, 0 %
1, 849 MiB, 0 %
=== Tue 30 Jun 21:51:47 UTC 2026 ===
0, 15 MiB, 0 %
1, 849 MiB, 0 %
=== Tue 30 Jun 21:56:47 UTC 2026 ===
0, 15 MiB, 0 %
1, 849 MiB, 0 %
=== Tue 30 Jun 22:01:47 UTC 2026 ===
0, 15 MiB, 0 %
1, 849 MiB, 0 %
=== Tue 30 Jun 22:06:47 UTC 2026 ===
0, 15 MiB, 0 %
1, 849 MiB, 0 %
=== Tue 30 Jun 22:11:47 UTC 2026 ===
0, 15 MiB, 0 %
1, 849 MiB, 0 %
=== Tue 30 Jun 22:16:47 UTC 2026 ===
0, 15 MiB, 0 %
1, 849 MiB, 0 %
=== Tue 30 Jun 22:21:47 UTC 2026 ===
0, 15 MiB, 0 %
1, 849 MiB, 0 %
=== Tue 30 Jun 22:26:48 UTC 2026 ===
0, 15 MiB, 0 %
1, 849 MiB, 0 %
=== Tue 30 Jun 22:31:48 UTC 2026 ===
0, 15 MiB, 0 %
1, 849 MiB, 0 %
=== Tue 30 Jun 22:36:48 UTC 2026 ===
0, 15 MiB, 0 %
1, 849 MiB, 0 %
=== Tue 30 Jun 22:41:48 UTC 2026 ===
0, 15 MiB, 0 %
1, 849 MiB, 0 %
=== Tue 30 Jun 22:46:48 UTC 2026 ===
0, 15 MiB, 0 %
1, 849 MiB, 0 %
=== Tue 30 Jun 22:51:48 UTC 2026 ===
0, 15 MiB, 0 %
1, 849 MiB, 0 %
=== Tue 30 Jun 22:56:48 UTC 2026 ===
0, 15 MiB, 0 %
1, 849 MiB, 0 %
=== Tue 30 Jun 23:01:48 UTC 2026 ===
0, 15 MiB, 0 %
1, 849 MiB, 0 %
=== Tue 30 Jun 23:06:48 UTC 2026 ===
0, 15 MiB, 0 %
1, 849 MiB, 0 %
=== Tue 30 Jun 23:11:48 UTC 2026 ===
0, 15 MiB, 0 %
1, 849 MiB, 0 %
=== Tue 30 Jun 23:16:48 UTC 2026 ===
0, 15 MiB, 0 %
1, 849 MiB, 0 %
=== Tue 30 Jun 23:21:48 UTC 2026 ===
0, 15 MiB, 0 %
1, 849 MiB, 0 %
=== Tue 30 Jun 23:26:48 UTC 2026 ===
0, 15 MiB, 0 %
1, 849 MiB, 0 %
=== Tue 30 Jun 23:31:48 UTC 2026 ===
0, 15 MiB, 0 %
1, 849 MiB, 0 %
=== Tue 30 Jun 23:36:48 UTC 2026 ===
0, 15 MiB, 0 %
1, 849 MiB, 0 %
=== Tue 30 Jun 23:41:48 UTC 2026 ===
0, 15 MiB, 0 %
1, 849 MiB, 0 %
=== Tue 30 Jun 23:46:48 UTC 2026 ===
0, 15 MiB, 0 %
1, 849 MiB, 0 %
=== Tue 30 Jun 23:51:48 UTC 2026 ===
0, 15 MiB, 0 %
1, 849 MiB, 0 %
=== Tue 30 Jun 23:56:48 UTC 2026 ===
0, 15 MiB, 0 %
1, 849 MiB, 0 %
=== Wed  1 Jul 00:01:48 UTC 2026 ===
0, 15 MiB, 1 %
1, 849 MiB, 0 %
=== Wed  1 Jul 00:06:48 UTC 2026 ===
0, 15 MiB, 0 %
1, 849 MiB, 0 %
=== Wed  1 Jul 00:11:48 UTC 2026 ===
0, 15 MiB, 0 %
1, 849 MiB, 0 %
=== Wed  1 Jul 00:16:49 UTC 2026 ===
0, 15 MiB, 0 %
1, 849 MiB, 0 %
=== Wed  1 Jul 00:21:49 UTC 2026 ===
0, 15 MiB, 0 %
1, 849 MiB, 0 %
=== Wed  1 Jul 00:26:49 UTC 2026 ===
0, 15 MiB, 0 %
1, 849 MiB, 0 %
=== Wed  1 Jul 00:31:49 UTC 2026 ===
0, 15 MiB, 0 %
1, 849 MiB, 0 %
=== Wed  1 Jul 00:36:49 UTC 2026 ===
0, 15 MiB, 1 %
1, 849 MiB, 0 %
=== Wed  1 Jul 00:41:49 UTC 2026 ===
0, 15 MiB, 0 %
1, 849 MiB, 0 %
=== Wed  1 Jul 00:46:49 UTC 2026 ===
0, 15 MiB, 0 %
1, 849 MiB, 0 %
=== Wed  1 Jul 00:51:49 UTC 2026 ===
0, 15 MiB, 0 %
1, 849 MiB, 0 %
=== Wed  1 Jul 00:56:49 UTC 2026 ===
0, 15 MiB, 0 %
1, 849 MiB, 0 %
=== Wed  1 Jul 01:01:49 UTC 2026 ===
0, 15 MiB, 0 %
1, 849 MiB, 0 %
=== Wed  1 Jul 01:06:49 UTC 2026 ===
0, 15 MiB, 0 %
1, 849 MiB, 0 %
=== Wed  1 Jul 01:11:49 UTC 2026 ===
0, 15 MiB, 0 %
1, 849 MiB, 0 %
=== Wed  1 Jul 01:16:49 UTC 2026 ===
0, 15 MiB, 0 %
1, 849 MiB, 0 %
=== Wed  1 Jul 01:21:49 UTC 2026 ===
0, 15 MiB, 0 %
1, 849 MiB, 0 %
=== Wed  1 Jul 01:26:49 UTC 2026 ===
0, 15 MiB, 0 %
1, 849 MiB, 0 %
=== Wed  1 Jul 01:31:49 UTC 2026 ===
0, 15 MiB, 0 %
1, 849 MiB, 0 %
=== Wed  1 Jul 01:36:49 UTC 2026 ===
0, 15 MiB, 0 %
1, 849 MiB, 0 %
=== Wed  1 Jul 01:41:49 UTC 2026 ===
0, 15 MiB, 0 %
1, 849 MiB, 0 %
=== Wed  1 Jul 01:46:49 UTC 2026 ===
0, 15 MiB, 1 %
1, 849 MiB, 0 %
=== Wed  1 Jul 01:51:49 UTC 2026 ===
0, 15 MiB, 0 %
1, 849 MiB, 0 %
=== Wed  1 Jul 01:56:50 UTC 2026 ===
0, 15 MiB, 0 %
1, 849 MiB, 0 %
=== Wed  1 Jul 02:01:50 UTC 2026 ===
0, 15 MiB, 0 %
1, 849 MiB, 0 %
=== Wed  1 Jul 02:06:50 UTC 2026 ===
0, 15 MiB, 0 %
1, 849 MiB, 0 %
=== Wed  1 Jul 02:11:50 UTC 2026 ===
0, 15 MiB, 0 %
1, 849 MiB, 0 %
=== Wed  1 Jul 02:16:50 UTC 2026 ===
0, 15 MiB, 0 %
1, 849 MiB, 0 %
=== Wed  1 Jul 02:21:50 UTC 2026 ===
0, 15 MiB, 0 %
1, 849 MiB, 0 %
=== Wed  1 Jul 02:26:50 UTC 2026 ===
0, 15 MiB, 0 %
1, 849 MiB, 0 %
=== Wed  1 Jul 02:31:50 UTC 2026 ===
0, 15 MiB, 0 %
1, 849 MiB, 0 %
=== Wed  1 Jul 02:36:50 UTC 2026 ===
0, 15 MiB, 0 %
1, 849 MiB, 0 %
=== Wed  1 Jul 02:41:50 UTC 2026 ===
0, 15 MiB, 0 %
1, 849 MiB, 0 %
=== Wed  1 Jul 02:46:50 UTC 2026 ===
0, 15 MiB, 0 %
1, 849 MiB, 0 %
=== Wed  1 Jul 02:51:50 UTC 2026 ===
0, 15 MiB, 0 %
1, 849 MiB, 0 %
=== Wed  1 Jul 02:56:50 UTC 2026 ===
0, 15 MiB, 0 %
1, 849 MiB, 0 %
=== Wed  1 Jul 03:01:50 UTC 2026 ===
0, 15 MiB, 0 %
1, 849 MiB, 0 %
=== Wed  1 Jul 03:06:50 UTC 2026 ===
0, 15 MiB, 0 %
1, 849 MiB, 0 %
=== Wed  1 Jul 03:11:50 UTC 2026 ===
0, 15 MiB, 0 %
1, 849 MiB, 0 %
=== Wed  1 Jul 03:16:50 UTC 2026 ===
0, 15 MiB, 0 %
1, 849 MiB, 0 %
=== Wed  1 Jul 03:21:50 UTC 2026 ===
0, 15 MiB, 0 %
1, 849 MiB, 0 %
=== Wed  1 Jul 03:26:50 UTC 2026 ===
0, 15 MiB, 0 %
1, 849 MiB, 0 %
=== Wed  1 Jul 03:31:51 UTC 2026 ===
0, 15 MiB, 0 %
1, 849 MiB, 0 %
=== Wed  1 Jul 03:36:51 UTC 2026 ===
0, 15 MiB, 0 %
1, 849 MiB, 0 %
=== Wed  1 Jul 03:41:51 UTC 2026 ===
0, 15 MiB, 0 %
1, 849 MiB, 0 %
=== Wed  1 Jul 03:46:51 UTC 2026 ===
0, 15 MiB, 0 %
1, 849 MiB, 0 %
=== Wed  1 Jul 03:51:51 UTC 2026 ===
0, 15 MiB, 0 %
1, 849 MiB, 0 %
=== Wed  1 Jul 03:56:51 UTC 2026 ===
0, 15 MiB, 0 %
1, 849 MiB, 0 %
=== Wed  1 Jul 04:01:51 UTC 2026 ===
0, 15 MiB, 0 %
1, 849 MiB, 0 %
=== Wed  1 Jul 04:06:51 UTC 2026 ===
0, 15 MiB, 0 %
1, 849 MiB, 0 %
=== Wed  1 Jul 04:11:51 UTC 2026 ===
0, 15 MiB, 1 %
1, 849 MiB, 0 %
=== Wed  1 Jul 04:16:51 UTC 2026 ===
0, 15 MiB, 0 %
1, 849 MiB, 0 %
=== Wed  1 Jul 04:21:51 UTC 2026 ===
0, 15 MiB, 0 %
1, 849 MiB, 0 %
=== Wed  1 Jul 04:26:51 UTC 2026 ===
0, 15 MiB, 0 %
1, 849 MiB, 0 %
=== Wed  1 Jul 04:31:51 UTC 2026 ===
0, 15 MiB, 0 %
1, 849 MiB, 0 %
=== Wed  1 Jul 04:36:51 UTC 2026 ===
0, 15 MiB, 0 %
1, 849 MiB, 0 %
=== Wed  1 Jul 04:41:51 UTC 2026 ===
0, 15 MiB, 0 %
1, 849 MiB, 0 %
=== Wed  1 Jul 04:46:51 UTC 2026 ===
0, 15 MiB, 0 %
1, 849 MiB, 0 %
=== Wed  1 Jul 04:51:51 UTC 2026 ===
0, 15 MiB, 0 %
1, 849 MiB, 0 %
=== Wed  1 Jul 04:56:51 UTC 2026 ===
0, 15 MiB, 0 %
1, 849 MiB, 0 %
=== Wed  1 Jul 05:01:52 UTC 2026 ===
0, 15 MiB, 0 %
1, 849 MiB, 0 %
=== Wed  1 Jul 05:06:52 UTC 2026 ===
0, 15 MiB, 0 %
1, 849 MiB, 0 %
=== Wed  1 Jul 05:11:52 UTC 2026 ===
0, 15 MiB, 0 %
1, 849 MiB, 0 %
=== Wed  1 Jul 05:16:52 UTC 2026 ===
0, 15 MiB, 0 %
1, 849 MiB, 0 %
=== Wed  1 Jul 05:21:52 UTC 2026 ===
0, 15 MiB, 0 %
1, 849 MiB, 0 %
=== Wed  1 Jul 05:26:52 UTC 2026 ===
0, 15 MiB, 0 %
1, 849 MiB, 0 %
=== Wed  1 Jul 05:31:52 UTC 2026 ===
0, 15 MiB, 0 %
1, 849 MiB, 0 %
=== Wed  1 Jul 05:36:52 UTC 2026 ===
0, 15 MiB, 0 %
1, 849 MiB, 0 %
=== Wed  1 Jul 05:41:52 UTC 2026 ===
0, 15 MiB, 0 %
1, 849 MiB, 0 %
=== Wed  1 Jul 05:46:52 UTC 2026 ===
0, 15 MiB, 0 %
1, 849 MiB, 0 %
=== Wed  1 Jul 05:51:52 UTC 2026 ===
0, 15 MiB, 0 %
1, 849 MiB, 0 %
=== Wed  1 Jul 05:56:52 UTC 2026 ===
0, 15 MiB, 0 %
1, 849 MiB, 0 %
=== Wed  1 Jul 06:01:52 UTC 2026 ===
0, 15 MiB, 0 %
1, 849 MiB, 0 %
=== Wed  1 Jul 06:06:52 UTC 2026 ===
0, 15 MiB, 0 %
1, 849 MiB, 0 %
=== Wed  1 Jul 06:11:52 UTC 2026 ===
0, 15 MiB, 0 %
1, 849 MiB, 0 %
=== Wed  1 Jul 06:16:52 UTC 2026 ===
0, 15 MiB, 0 %
1, 849 MiB, 0 %
=== Wed  1 Jul 06:21:52 UTC 2026 ===
0, 15 MiB, 0 %
1, 849 MiB, 0 %
=== Wed  1 Jul 06:26:52 UTC 2026 ===
0, 15 MiB, 0 %
1, 849 MiB, 0 %
=== Wed  1 Jul 06:31:53 UTC 2026 ===
0, 15 MiB, 0 %
1, 849 MiB, 0 %
=== Wed  1 Jul 06:36:53 UTC 2026 ===
0, 15 MiB, 0 %
1, 849 MiB, 1 %
=== Wed  1 Jul 06:41:53 UTC 2026 ===
0, 15 MiB, 0 %
1, 849 MiB, 0 %
=== Wed  1 Jul 06:46:53 UTC 2026 ===
0, 15 MiB, 0 %
1, 849 MiB, 0 %
=== Wed  1 Jul 06:51:53 UTC 2026 ===
0, 15 MiB, 0 %
1, 849 MiB, 0 %
=== Wed  1 Jul 06:56:53 UTC 2026 ===
0, 15 MiB, 0 %
1, 849 MiB, 0 %
=== Wed  1 Jul 07:01:53 UTC 2026 ===
0, 15 MiB, 0 %
1, 849 MiB, 0 %
=== Wed  1 Jul 07:06:53 UTC 2026 ===
0, 15 MiB, 0 %
1, 849 MiB, 0 %
=== Wed  1 Jul 07:11:53 UTC 2026 ===
0, 15 MiB, 0 %
1, 849 MiB, 0 %
=== Wed  1 Jul 07:16:53 UTC 2026 ===
0, 15 MiB, 0 %
1, 849 MiB, 0 %
=== Wed  1 Jul 07:21:53 UTC 2026 ===
0, 15 MiB, 0 %
1, 849 MiB, 0 %
=== Wed  1 Jul 07:26:53 UTC 2026 ===
0, 15 MiB, 0 %
1, 849 MiB, 0 %
=== Wed  1 Jul 07:31:53 UTC 2026 ===
0, 15 MiB, 0 %
1, 849 MiB, 0 %
=== Wed  1 Jul 07:36:53 UTC 2026 ===
0, 15 MiB, 0 %
1, 849 MiB, 0 %
=== Wed  1 Jul 07:41:53 UTC 2026 ===
0, 15 MiB, 0 %
1, 849 MiB, 0 %
=== Wed  1 Jul 07:46:53 UTC 2026 ===
0, 15 MiB, 0 %
1, 849 MiB, 0 %
=== Wed  1 Jul 07:51:53 UTC 2026 ===
0, 15 MiB, 0 %
1, 849 MiB, 0 %
=== Wed  1 Jul 07:56:53 UTC 2026 ===
0, 15 MiB, 0 %
1, 849 MiB, 0 %
=== Wed  1 Jul 08:01:54 UTC 2026 ===
0, 15 MiB, 0 %
1, 849 MiB, 0 %
=== Wed  1 Jul 08:06:54 UTC 2026 ===
0, 15 MiB, 0 %
1, 849 MiB, 0 %
=== Wed  1 Jul 08:11:54 UTC 2026 ===
0, 15 MiB, 0 %
1, 849 MiB, 0 %
=== Wed  1 Jul 08:16:54 UTC 2026 ===
0, 15 MiB, 0 %
1, 849 MiB, 0 %
=== Wed  1 Jul 08:21:54 UTC 2026 ===
0, 15 MiB, 0 %
1, 849 MiB, 0 %
=== Wed  1 Jul 08:26:54 UTC 2026 ===
0, 15 MiB, 0 %
1, 849 MiB, 0 %
=== Wed  1 Jul 08:31:54 UTC 2026 ===
0, 15 MiB, 0 %
1, 849 MiB, 0 %
=== Wed  1 Jul 08:36:54 UTC 2026 ===
0, 15 MiB, 0 %
1, 849 MiB, 0 %
=== Wed  1 Jul 08:41:54 UTC 2026 ===
0, 15 MiB, 0 %
1, 849 MiB, 0 %
=== Wed  1 Jul 08:46:54 UTC 2026 ===
0, 15 MiB, 0 %
1, 849 MiB, 0 %
=== Wed  1 Jul 08:51:54 UTC 2026 ===
0, 15 MiB, 0 %
1, 849 MiB, 0 %
=== Wed  1 Jul 08:56:54 UTC 2026 ===
0, 15 MiB, 1 %
1, 849 MiB, 0 %
=== Wed  1 Jul 09:01:54 UTC 2026 ===
0, 15 MiB, 0 %
1, 849 MiB, 0 %
=== Wed  1 Jul 09:06:54 UTC 2026 ===
0, 15 MiB, 0 %
1, 849 MiB, 0 %
=== Wed  1 Jul 09:11:54 UTC 2026 ===
0, 15 MiB, 0 %
1, 849 MiB, 0 %
=== Wed  1 Jul 09:16:54 UTC 2026 ===
0, 15 MiB, 0 %
1, 849 MiB, 0 %
=== Wed  1 Jul 09:21:54 UTC 2026 ===
0, 15 MiB, 0 %
1, 849 MiB, 0 %
=== Wed  1 Jul 09:26:54 UTC 2026 ===
0, 15 MiB, 0 %
1, 849 MiB, 0 %
=== Wed  1 Jul 09:31:54 UTC 2026 ===
0, 15 MiB, 0 %
1, 849 MiB, 0 %
=== Wed  1 Jul 09:36:55 UTC 2026 ===
0, 15 MiB, 0 %
1, 849 MiB, 0 %
=== Wed  1 Jul 09:41:55 UTC 2026 ===
0, 15 MiB, 0 %
1, 849 MiB, 0 %
=== Wed  1 Jul 09:46:55 UTC 2026 ===
0, 15 MiB, 0 %
1, 849 MiB, 0 %
=== Wed  1 Jul 09:51:55 UTC 2026 ===
0, 15 MiB, 0 %
1, 849 MiB, 0 %
=== Wed  1 Jul 09:56:55 UTC 2026 ===
0, 15 MiB, 0 %
1, 849 MiB, 0 %
=== Wed  1 Jul 10:01:55 UTC 2026 ===
0, 15 MiB, 0 %
1, 849 MiB, 0 %
=== Wed  1 Jul 10:06:55 UTC 2026 ===
0, 15 MiB, 0 %
1, 849 MiB, 0 %
=== Wed  1 Jul 10:11:55 UTC 2026 ===
0, 15 MiB, 0 %
1, 849 MiB, 0 %
=== Wed  1 Jul 10:16:55 UTC 2026 ===
0, 15 MiB, 0 %
1, 849 MiB, 0 %
=== Wed  1 Jul 10:21:55 UTC 2026 ===
0, 15 MiB, 0 %
1, 849 MiB, 0 %
=== Wed  1 Jul 10:26:55 UTC 2026 ===
0, 15 MiB, 0 %
1, 849 MiB, 0 %
=== Wed  1 Jul 10:31:55 UTC 2026 ===
0, 15 MiB, 0 %
1, 849 MiB, 0 %
=== Wed  1 Jul 10:36:55 UTC 2026 ===
0, 15 MiB, 0 %
1, 849 MiB, 0 %
=== Wed  1 Jul 10:41:55 UTC 2026 ===
0, 15 MiB, 0 %
1, 849 MiB, 0 %
=== Wed  1 Jul 10:46:55 UTC 2026 ===
0, 15 MiB, 0 %
1, 849 MiB, 0 %
=== Wed  1 Jul 10:51:55 UTC 2026 ===
0, 15 MiB, 0 %
1, 849 MiB, 0 %
=== Wed  1 Jul 10:56:55 UTC 2026 ===
0, 15 MiB, 0 %
1, 849 MiB, 0 %
=== Wed  1 Jul 11:01:55 UTC 2026 ===
0, 15 MiB, 0 %
1, 849 MiB, 0 %
=== Wed  1 Jul 11:06:55 UTC 2026 ===
0, 1953 MiB, 90 %
1, 852 MiB, 0 %
=== Wed  1 Jul 11:11:56 UTC 2026 ===
0, 15 MiB, 0 %
1, 849 MiB, 0 %
=== Wed  1 Jul 11:16:56 UTC 2026 ===
0, 2163 MiB, 37 %
1, 852 MiB, 0 %
=== Wed  1 Jul 11:21:56 UTC 2026 ===
0, 15 MiB, 0 %
1, 849 MiB, 0 %
=== Wed  1 Jul 11:26:56 UTC 2026 ===
0, 15 MiB, 0 %
1, 849 MiB, 0 %
=== Wed  1 Jul 11:31:56 UTC 2026 ===
0, 2189 MiB, 96 %
1, 852 MiB, 0 %
=== Wed  1 Jul 11:36:56 UTC 2026 ===
0, 15 MiB, 0 %
1, 849 MiB, 0 %
=== Wed  1 Jul 11:41:56 UTC 2026 ===
0, 15 MiB, 0 %
1, 849 MiB, 0 %
=== Wed  1 Jul 11:46:56 UTC 2026 ===
0, 15 MiB, 0 %
1, 849 MiB, 0 %
=== Wed  1 Jul 11:51:56 UTC 2026 ===
0, 15 MiB, 0 %
1, 849 MiB, 0 %
=== Wed  1 Jul 11:56:56 UTC 2026 ===
0, 15 MiB, 0 %
1, 849 MiB, 0 %
=== Wed  1 Jul 12:01:56 UTC 2026 ===
0, 15 MiB, 0 %
1, 849 MiB, 0 %
=== Wed  1 Jul 12:06:56 UTC 2026 ===
0, 15 MiB, 0 %
1, 849 MiB, 0 %
=== Wed  1 Jul 12:11:56 UTC 2026 ===
0, 7825 MiB, 29 %
1, 852 MiB, 0 %
=== Wed  1 Jul 12:16:56 UTC 2026 ===
0, 14691 MiB, 99 %
1, 852 MiB, 0 %
=== Wed  1 Jul 12:21:56 UTC 2026 ===
0, 14693 MiB, 100 %
1, 852 MiB, 0 %
=== Wed  1 Jul 12:26:56 UTC 2026 ===
0, 15 MiB, 0 %
1, 849 MiB, 0 %
=== Wed  1 Jul 12:31:56 UTC 2026 ===
0, 15 MiB, 1 %
1, 849 MiB, 0 %
=== Wed  1 Jul 12:36:56 UTC 2026 ===
0, 15 MiB, 0 %
1, 849 MiB, 0 %
=== Wed  1 Jul 12:41:56 UTC 2026 ===
0, 15 MiB, 0 %
1, 849 MiB, 0 %
=== Wed  1 Jul 12:46:57 UTC 2026 ===
0, 15 MiB, 0 %
1, 849 MiB, 0 %
=== Wed  1 Jul 12:51:57 UTC 2026 ===
0, 15 MiB, 0 %
1, 849 MiB, 0 %
=== Wed  1 Jul 12:56:57 UTC 2026 ===
0, 15 MiB, 0 %
1, 849 MiB, 0 %
=== Wed  1 Jul 13:01:57 UTC 2026 ===
0, 15 MiB, 0 %
1, 849 MiB, 0 %
=== Wed  1 Jul 13:06:57 UTC 2026 ===
0, 15 MiB, 0 %
1, 849 MiB, 0 %
=== Wed  1 Jul 13:11:57 UTC 2026 ===
0, 15 MiB, 0 %
1, 849 MiB, 0 %
=== Wed  1 Jul 13:16:57 UTC 2026 ===
0, 15 MiB, 0 %
1, 849 MiB, 0 %
=== Wed  1 Jul 13:21:57 UTC 2026 ===
0, 15 MiB, 0 %
1, 803 MiB, 0 %
=== Wed  1 Jul 13:26:57 UTC 2026 ===
0, 15 MiB, 0 %
1, 803 MiB, 0 %
=== Wed  1 Jul 13:31:57 UTC 2026 ===
0, 15 MiB, 0 %
1, 803 MiB, 0 %
=== Wed  1 Jul 13:36:57 UTC 2026 ===
0, 15 MiB, 0 %
1, 802 MiB, 0 %
=== Wed  1 Jul 13:41:57 UTC 2026 ===
0, 15 MiB, 0 %
1, 802 MiB, 0 %
=== Wed  1 Jul 13:46:57 UTC 2026 ===
0, 15 MiB, 0 %
1, 815 MiB, 0 %
=== Wed  1 Jul 13:51:57 UTC 2026 ===
0, 15 MiB, 0 %
1, 832 MiB, 28 %
=== Wed  1 Jul 13:56:57 UTC 2026 ===
0, 15 MiB, 0 %
1, 847 MiB, 0 %
=== Wed  1 Jul 14:01:57 UTC 2026 ===
0, 15 MiB, 0 %
1, 856 MiB, 25 %
=== Wed  1 Jul 14:06:57 UTC 2026 ===
0, 15 MiB, 0 %
1, 895 MiB, 0 %
=== Wed  1 Jul 14:11:57 UTC 2026 ===
0, 15 MiB, 0 %
1, 848 MiB, 22 %
=== Wed  1 Jul 14:16:58 UTC 2026 ===
0, 15 MiB, 0 %
1, 847 MiB, 8 %
=== Wed  1 Jul 14:21:58 UTC 2026 ===
0, 15 MiB, 0 %
1, 846 MiB, 26 %
=== Wed  1 Jul 14:26:58 UTC 2026 ===
0, 15 MiB, 0 %
1, 846 MiB, 0 %
=== Wed  1 Jul 14:31:58 UTC 2026 ===
0, 15 MiB, 0 %
1, 851 MiB, 0 %
=== Wed  1 Jul 14:36:58 UTC 2026 ===
0, 15 MiB, 0 %
1, 875 MiB, 0 %
=== Wed  1 Jul 14:41:58 UTC 2026 ===
0, 15 MiB, 0 %
1, 875 MiB, 4 %
=== Wed  1 Jul 14:46:58 UTC 2026 ===
0, 15 MiB, 0 %
1, 875 MiB, 0 %
=== Wed  1 Jul 14:51:58 UTC 2026 ===
0, 15 MiB, 0 %
1, 875 MiB, 0 %
=== Wed  1 Jul 14:56:58 UTC 2026 ===
0, 15 MiB, 0 %
1, 875 MiB, 0 %
=== Wed  1 Jul 15:01:58 UTC 2026 ===
0, 15 MiB, 0 %
1, 875 MiB, 0 %
=== Wed  1 Jul 15:06:58 UTC 2026 ===
0, 15 MiB, 0 %
1, 875 MiB, 0 %
=== Wed  1 Jul 15:11:58 UTC 2026 ===
0, 15 MiB, 0 %
1, 875 MiB, 0 %
=== Wed  1 Jul 15:16:58 UTC 2026 ===
0, 15 MiB, 0 %
1, 875 MiB, 0 %
=== Wed  1 Jul 15:21:58 UTC 2026 ===
0, 15 MiB, 0 %
1, 875 MiB, 0 %
=== Wed  1 Jul 15:26:58 UTC 2026 ===
0, 15 MiB, 0 %
1, 875 MiB, 0 %
=== Wed  1 Jul 15:31:58 UTC 2026 ===
0, 15 MiB, 0 %
1, 875 MiB, 0 %
=== Wed  1 Jul 15:36:58 UTC 2026 ===
0, 15 MiB, 0 %
1, 875 MiB, 0 %
=== Wed  1 Jul 15:41:58 UTC 2026 ===
0, 15 MiB, 0 %
1, 875 MiB, 0 %
=== Wed  1 Jul 15:46:58 UTC 2026 ===
0, 15 MiB, 0 %
1, 875 MiB, 2 %
=== Wed  1 Jul 15:51:59 UTC 2026 ===
0, 15 MiB, 0 %
1, 875 MiB, 12 %
=== Wed  1 Jul 15:56:59 UTC 2026 ===
0, 22575 MiB, 100 %
1, 845 MiB, 9 %
=== Wed  1 Jul 16:01:59 UTC 2026 ===
0, 22815 MiB, 100 %
1, 877 MiB, 6 %
=== Wed  1 Jul 16:06:59 UTC 2026 ===
0, 21261 MiB, 82 %
1, 877 MiB, 0 %
=== Wed  1 Jul 16:11:59 UTC 2026 ===
0, 23035 MiB, 100 %
1, 877 MiB, 0 %
=== Wed  1 Jul 16:16:59 UTC 2026 ===
0, 22541 MiB, 100 %
1, 877 MiB, 0 %
=== Wed  1 Jul 16:21:59 UTC 2026 ===
0, 21215 MiB, 100 %
1, 877 MiB, 0 %
=== Wed  1 Jul 16:26:59 UTC 2026 ===
0, 22935 MiB, 100 %
1, 877 MiB, 0 %
=== Wed  1 Jul 16:31:59 UTC 2026 ===
0, 22955 MiB, 100 %
1, 877 MiB, 0 %
=== Wed  1 Jul 16:36:59 UTC 2026 ===
0, 23015 MiB, 100 %
1, 877 MiB, 0 %
=== Wed  1 Jul 16:41:59 UTC 2026 ===
0, 21255 MiB, 100 %
1, 877 MiB, 0 %
=== Wed  1 Jul 16:46:59 UTC 2026 ===
0, 21215 MiB, 96 %
1, 877 MiB, 0 %
=== Wed  1 Jul 16:51:59 UTC 2026 ===
0, 21195 MiB, 100 %
1, 877 MiB, 0 %
=== Wed  1 Jul 16:56:59 UTC 2026 ===
0, 21255 MiB, 100 %
1, 877 MiB, 0 %
=== Wed  1 Jul 17:01:59 UTC 2026 ===
0, 22475 MiB, 100 %
1, 877 MiB, 0 %
=== Wed  1 Jul 17:06:59 UTC 2026 ===
0, 22475 MiB, 100 %
1, 877 MiB, 0 %
=== Wed  1 Jul 17:11:59 UTC 2026 ===
0, 22495 MiB, 100 %
1, 877 MiB, 0 %
=== Wed  1 Jul 17:16:59 UTC 2026 ===
0, 22595 MiB, 100 %
1, 877 MiB, 0 %
=== Wed  1 Jul 17:21:59 UTC 2026 ===
0, 22975 MiB, 100 %
1, 877 MiB, 0 %
=== Wed  1 Jul 17:26:59 UTC 2026 ===
0, 22875 MiB, 100 %
1, 877 MiB, 0 %
=== Wed  1 Jul 17:31:59 UTC 2026 ===
0, 22975 MiB, 100 %
1, 877 MiB, 0 %
=== Wed  1 Jul 17:36:59 UTC 2026 ===
0, 22495 MiB, 100 %
1, 877 MiB, 0 %
=== Wed  1 Jul 17:42:00 UTC 2026 ===
0, 23115 MiB, 100 %
1, 877 MiB, 0 %
=== Wed  1 Jul 17:47:00 UTC 2026 ===
0, 22975 MiB, 100 %
1, 877 MiB, 0 %
=== Wed  1 Jul 17:52:00 UTC 2026 ===
0, 23035 MiB, 100 %
1, 877 MiB, 0 %
=== Wed  1 Jul 17:57:00 UTC 2026 ===
0, 21255 MiB, 97 %
1, 877 MiB, 0 %
=== Wed  1 Jul 18:02:00 UTC 2026 ===
0, 21255 MiB, 100 %
1, 877 MiB, 0 %
=== Wed  1 Jul 18:07:00 UTC 2026 ===
0, 22935 MiB, 100 %
1, 877 MiB, 0 %
=== Wed  1 Jul 18:12:00 UTC 2026 ===
0, 22475 MiB, 100 %
1, 877 MiB, 0 %
=== Wed  1 Jul 18:17:00 UTC 2026 ===
0, 21255 MiB, 100 %
1, 877 MiB, 11 %
=== Wed  1 Jul 18:22:00 UTC 2026 ===
0, 21195 MiB, 100 %
1, 877 MiB, 9 %
=== Wed  1 Jul 18:27:00 UTC 2026 ===
0, 22481 MiB, 100 %
1, 877 MiB, 7 %
=== Wed  1 Jul 18:32:00 UTC 2026 ===
0, 22515 MiB, 100 %
1, 877 MiB, 0 %
=== Wed  1 Jul 18:37:00 UTC 2026 ===
0, 22921 MiB, 100 %
1, 877 MiB, 0 %
=== Wed  1 Jul 18:42:00 UTC 2026 ===
0, 22515 MiB, 100 %
1, 877 MiB, 0 %
=== Wed  1 Jul 18:47:00 UTC 2026 ===
0, 22961 MiB, 100 %
1, 877 MiB, 0 %
=== Wed  1 Jul 18:52:00 UTC 2026 ===
0, 21195 MiB, 100 %
1, 877 MiB, 0 %
=== Wed  1 Jul 18:57:00 UTC 2026 ===
0, 21261 MiB, 100 %
1, 877 MiB, 0 %
=== Wed  1 Jul 19:02:00 UTC 2026 ===
0, 22955 MiB, 100 %
1, 877 MiB, 0 %
=== Wed  1 Jul 19:07:00 UTC 2026 ===
0, 22915 MiB, 100 %
1, 877 MiB, 0 %
=== Wed  1 Jul 19:12:00 UTC 2026 ===
0, 21195 MiB, 100 %
1, 877 MiB, 0 %
=== Wed  1 Jul 19:17:00 UTC 2026 ===
0, 21215 MiB, 100 %
1, 877 MiB, 0 %
=== Wed  1 Jul 19:22:01 UTC 2026 ===
0, 22515 MiB, 100 %
1, 877 MiB, 0 %
=== Wed  1 Jul 19:27:01 UTC 2026 ===
0, 22915 MiB, 100 %
1, 877 MiB, 0 %
=== Wed  1 Jul 19:32:01 UTC 2026 ===
0, 21235 MiB, 100 %
1, 877 MiB, 0 %
=== Wed  1 Jul 19:37:01 UTC 2026 ===
0, 22495 MiB, 100 %
1, 877 MiB, 0 %
=== Wed  1 Jul 19:42:01 UTC 2026 ===
0, 21255 MiB, 96 %
1, 877 MiB, 1 %
=== Wed  1 Jul 19:47:01 UTC 2026 ===
0, 23035 MiB, 100 %
1, 877 MiB, 0 %
=== Wed  1 Jul 19:52:01 UTC 2026 ===
0, 22915 MiB, 100 %
1, 877 MiB, 0 %
=== Wed  1 Jul 19:57:01 UTC 2026 ===
0, 21235 MiB, 100 %
1, 877 MiB, 0 %
=== Wed  1 Jul 20:02:01 UTC 2026 ===
0, 22955 MiB, 100 %
1, 877 MiB, 0 %
=== Wed  1 Jul 20:07:01 UTC 2026 ===
0, 22995 MiB, 100 %
1, 877 MiB, 0 %
=== Wed  1 Jul 20:12:01 UTC 2026 ===
0, 21215 MiB, 100 %
1, 877 MiB, 0 %
=== Wed  1 Jul 20:17:01 UTC 2026 ===
0, 22495 MiB, 100 %
1, 877 MiB, 0 %
=== Wed  1 Jul 20:22:01 UTC 2026 ===
0, 22975 MiB, 100 %
1, 877 MiB, 0 %
=== Wed  1 Jul 20:27:01 UTC 2026 ===
0, 21255 MiB, 100 %
1, 877 MiB, 0 %
=== Wed  1 Jul 20:32:01 UTC 2026 ===
0, 22955 MiB, 100 %
1, 877 MiB, 0 %
=== Wed  1 Jul 20:37:01 UTC 2026 ===
0, 22875 MiB, 100 %
1, 877 MiB, 0 %
=== Wed  1 Jul 20:42:01 UTC 2026 ===
0, 22921 MiB, 100 %
1, 877 MiB, 0 %
=== Wed  1 Jul 20:47:01 UTC 2026 ===
0, 22875 MiB, 100 %
1, 877 MiB, 0 %
=== Wed  1 Jul 20:52:01 UTC 2026 ===
0, 22415 MiB, 100 %
1, 877 MiB, 0 %
=== Wed  1 Jul 20:57:01 UTC 2026 ===
0, 21195 MiB, 100 %
1, 877 MiB, 0 %
=== Wed  1 Jul 21:02:01 UTC 2026 ===
0, 22955 MiB, 100 %
1, 877 MiB, 0 %
=== Wed  1 Jul 21:07:01 UTC 2026 ===
0, 21215 MiB, 100 %
1, 877 MiB, 0 %
=== Wed  1 Jul 21:12:02 UTC 2026 ===
0, 21215 MiB, 100 %
1, 877 MiB, 0 %
=== Wed  1 Jul 21:17:02 UTC 2026 ===
0, 22955 MiB, 100 %
1, 877 MiB, 0 %
=== Wed  1 Jul 21:22:02 UTC 2026 ===
0, 22955 MiB, 100 %
1, 877 MiB, 0 %
=== Wed  1 Jul 21:27:02 UTC 2026 ===
0, 21255 MiB, 100 %
1, 877 MiB, 0 %
=== Wed  1 Jul 21:32:02 UTC 2026 ===
0, 22535 MiB, 100 %
1, 877 MiB, 0 %
=== Wed  1 Jul 21:37:02 UTC 2026 ===
0, 22795 MiB, 100 %
1, 877 MiB, 0 %
=== Wed  1 Jul 21:42:02 UTC 2026 ===
0, 21195 MiB, 100 %
1, 877 MiB, 0 %
=== Wed  1 Jul 21:47:02 UTC 2026 ===
0, 22895 MiB, 100 %
1, 877 MiB, 0 %
=== Wed  1 Jul 21:52:02 UTC 2026 ===
0, 23035 MiB, 100 %
1, 877 MiB, 0 %
=== Wed  1 Jul 21:57:02 UTC 2026 ===
0, 22935 MiB, 100 %
1, 877 MiB, 0 %
=== Wed  1 Jul 22:02:02 UTC 2026 ===
0, 22935 MiB, 100 %
1, 877 MiB, 0 %
=== Wed  1 Jul 22:07:02 UTC 2026 ===
0, 22995 MiB, 100 %
1, 877 MiB, 0 %
=== Wed  1 Jul 22:12:02 UTC 2026 ===
0, 21255 MiB, 98 %
1, 877 MiB, 0 %
=== Wed  1 Jul 22:17:02 UTC 2026 ===
0, 22921 MiB, 100 %
1, 877 MiB, 0 %
=== Wed  1 Jul 22:22:02 UTC 2026 ===
0, 21915 MiB, 100 %
1, 877 MiB, 0 %
=== Wed  1 Jul 22:27:02 UTC 2026 ===
0, 22915 MiB, 100 %
1, 877 MiB, 0 %
=== Wed  1 Jul 22:32:02 UTC 2026 ===
0, 22415 MiB, 100 %
1, 877 MiB, 0 %
=== Wed  1 Jul 22:37:02 UTC 2026 ===
0, 23035 MiB, 100 %
1, 877 MiB, 0 %
=== Wed  1 Jul 22:42:02 UTC 2026 ===
0, 22915 MiB, 100 %
1, 877 MiB, 0 %
=== Wed  1 Jul 22:47:02 UTC 2026 ===
0, 22915 MiB, 100 %
1, 877 MiB, 0 %
=== Wed  1 Jul 22:52:02 UTC 2026 ===
0, 21255 MiB, 100 %
1, 877 MiB, 0 %
=== Wed  1 Jul 22:57:03 UTC 2026 ===
0, 22935 MiB, 100 %
1, 877 MiB, 0 %
=== Wed  1 Jul 23:02:03 UTC 2026 ===
0, 22955 MiB, 100 %
1, 877 MiB, 0 %
=== Wed  1 Jul 23:07:03 UTC 2026 ===
0, 22935 MiB, 100 %
1, 877 MiB, 0 %
=== Wed  1 Jul 23:12:03 UTC 2026 ===
0, 23035 MiB, 100 %
1, 877 MiB, 0 %
=== Wed  1 Jul 23:17:03 UTC 2026 ===
0, 22915 MiB, 100 %
1, 877 MiB, 0 %
=== Wed  1 Jul 23:22:03 UTC 2026 ===
0, 22955 MiB, 100 %
1, 877 MiB, 0 %
=== Wed  1 Jul 23:27:03 UTC 2026 ===
0, 21255 MiB, 100 %
1, 877 MiB, 0 %
=== Wed  1 Jul 23:32:03 UTC 2026 ===
0, 22921 MiB, 100 %
1, 877 MiB, 0 %
=== Wed  1 Jul 23:37:03 UTC 2026 ===
0, 21255 MiB, 100 %
1, 877 MiB, 0 %
=== Wed  1 Jul 23:42:03 UTC 2026 ===
0, 21253 MiB, 100 %
1, 877 MiB, 0 %
=== Wed  1 Jul 23:47:03 UTC 2026 ===
0, 22955 MiB, 100 %
1, 877 MiB, 0 %
=== Wed  1 Jul 23:52:03 UTC 2026 ===
0, 21195 MiB, 100 %
1, 877 MiB, 0 %
=== Wed  1 Jul 23:57:03 UTC 2026 ===
0, 23035 MiB, 100 %
1, 877 MiB, 0 %
=== Thu  2 Jul 00:02:03 UTC 2026 ===
0, 21255 MiB, 100 %
1, 877 MiB, 0 %
=== Thu  2 Jul 00:07:03 UTC 2026 ===
0, 22395 MiB, 100 %
1, 877 MiB, 0 %
=== Thu  2 Jul 00:12:03 UTC 2026 ===
0, 22875 MiB, 100 %
1, 877 MiB, 0 %
=== Thu  2 Jul 00:17:03 UTC 2026 ===
0, 22515 MiB, 100 %
1, 877 MiB, 0 %
=== Thu  2 Jul 00:22:03 UTC 2026 ===
0, 23035 MiB, 100 %
1, 877 MiB, 0 %
=== Thu  2 Jul 00:27:03 UTC 2026 ===
0, 21255 MiB, 100 %
1, 877 MiB, 0 %
=== Thu  2 Jul 00:32:03 UTC 2026 ===
0, 21255 MiB, 100 %
1, 877 MiB, 0 %
=== Thu  2 Jul 00:37:03 UTC 2026 ===
0, 23035 MiB, 100 %
1, 877 MiB, 0 %
=== Thu  2 Jul 00:42:04 UTC 2026 ===
0, 22475 MiB, 100 %
1, 877 MiB, 0 %
=== Thu  2 Jul 00:47:04 UTC 2026 ===
0, 21255 MiB, 100 %
1, 877 MiB, 0 %
=== Thu  2 Jul 00:52:04 UTC 2026 ===
0, 22915 MiB, 100 %
1, 877 MiB, 0 %
=== Thu  2 Jul 00:57:04 UTC 2026 ===
0, 22995 MiB, 100 %
1, 877 MiB, 0 %
=== Thu  2 Jul 01:02:04 UTC 2026 ===
0, 21255 MiB, 100 %
1, 877 MiB, 0 %
=== Thu  2 Jul 01:07:04 UTC 2026 ===
0, 23175 MiB, 100 %
1, 877 MiB, 0 %
=== Thu  2 Jul 01:12:04 UTC 2026 ===
0, 22915 MiB, 100 %
1, 877 MiB, 0 %
=== Thu  2 Jul 01:17:04 UTC 2026 ===
0, 22901 MiB, 100 %
1, 877 MiB, 0 %
=== Thu  2 Jul 01:22:04 UTC 2026 ===
0, 22915 MiB, 100 %
1, 877 MiB, 0 %
=== Thu  2 Jul 01:27:04 UTC 2026 ===
0, 21201 MiB, 100 %
1, 877 MiB, 0 %
=== Thu  2 Jul 01:32:04 UTC 2026 ===
0, 21215 MiB, 100 %
1, 877 MiB, 0 %
=== Thu  2 Jul 01:37:04 UTC 2026 ===
0, 22895 MiB, 100 %
1, 877 MiB, 0 %
=== Thu  2 Jul 01:42:04 UTC 2026 ===
0, 22915 MiB, 100 %
1, 877 MiB, 0 %
=== Thu  2 Jul 01:47:04 UTC 2026 ===
0, 21435 MiB, 100 %
1, 877 MiB, 0 %
=== Thu  2 Jul 01:52:04 UTC 2026 ===
0, 22435 MiB, 100 %
1, 877 MiB, 0 %
=== Thu  2 Jul 01:57:04 UTC 2026 ===
0, 22955 MiB, 100 %
1, 877 MiB, 0 %
=== Thu  2 Jul 02:02:04 UTC 2026 ===
0, 22915 MiB, 100 %
1, 877 MiB, 0 %
=== Thu  2 Jul 02:07:04 UTC 2026 ===
0, 22495 MiB, 100 %
1, 877 MiB, 0 %
=== Thu  2 Jul 02:12:04 UTC 2026 ===
0, 21215 MiB, 96 %
1, 877 MiB, 0 %
=== Thu  2 Jul 02:17:04 UTC 2026 ===
0, 23035 MiB, 100 %
1, 877 MiB, 0 %
=== Thu  2 Jul 02:22:04 UTC 2026 ===
0, 23035 MiB, 100 %
1, 877 MiB, 0 %
=== Thu  2 Jul 02:27:04 UTC 2026 ===
0, 21255 MiB, 96 %
1, 877 MiB, 0 %
=== Thu  2 Jul 02:32:05 UTC 2026 ===
0, 22975 MiB, 100 %
1, 877 MiB, 0 %
=== Thu  2 Jul 02:37:05 UTC 2026 ===
0, 22435 MiB, 100 %
1, 877 MiB, 0 %
=== Thu  2 Jul 02:42:05 UTC 2026 ===
0, 22955 MiB, 100 %
1, 877 MiB, 0 %
=== Thu  2 Jul 02:47:05 UTC 2026 ===
0, 23035 MiB, 100 %
1, 877 MiB, 0 %
=== Thu  2 Jul 02:52:05 UTC 2026 ===
0, 22935 MiB, 100 %
1, 877 MiB, 0 %
=== Thu  2 Jul 02:57:05 UTC 2026 ===
0, 21215 MiB, 96 %
1, 877 MiB, 0 %
=== Thu  2 Jul 03:02:05 UTC 2026 ===
0, 22995 MiB, 100 %
1, 877 MiB, 0 %
=== Thu  2 Jul 03:07:05 UTC 2026 ===
0, 21255 MiB, 100 %
1, 877 MiB, 0 %
=== Thu  2 Jul 03:12:05 UTC 2026 ===
0, 22921 MiB, 100 %
1, 877 MiB, 0 %
=== Thu  2 Jul 03:17:05 UTC 2026 ===
0, 22895 MiB, 100 %
1, 877 MiB, 0 %
=== Thu  2 Jul 03:22:05 UTC 2026 ===
0, 21201 MiB, 100 %
1, 877 MiB, 0 %
=== Thu  2 Jul 03:27:05 UTC 2026 ===
0, 21255 MiB, 100 %
1, 877 MiB, 0 %
=== Thu  2 Jul 03:32:05 UTC 2026 ===
0, 22955 MiB, 100 %
1, 877 MiB, 0 %
=== Thu  2 Jul 03:37:05 UTC 2026 ===
0, 22875 MiB, 100 %
1, 877 MiB, 0 %
=== Thu  2 Jul 03:42:05 UTC 2026 ===
0, 21255 MiB, 100 %
1, 877 MiB, 0 %
=== Thu  2 Jul 03:47:05 UTC 2026 ===
0, 22875 MiB, 100 %
1, 877 MiB, 0 %
=== Thu  2 Jul 03:52:05 UTC 2026 ===
0, 21255 MiB, 96 %
1, 877 MiB, 0 %
=== Thu  2 Jul 03:57:05 UTC 2026 ===
0, 23035 MiB, 100 %
1, 877 MiB, 0 %
=== Thu  2 Jul 04:02:05 UTC 2026 ===
0, 22875 MiB, 100 %
1, 877 MiB, 0 %
=== Thu  2 Jul 04:07:05 UTC 2026 ===
0, 21255 MiB, 96 %
1, 877 MiB, 0 %
=== Thu  2 Jul 04:12:05 UTC 2026 ===
0, 22575 MiB, 100 %
1, 877 MiB, 0 %
=== Thu  2 Jul 04:17:06 UTC 2026 ===
0, 22955 MiB, 100 %
1, 877 MiB, 0 %
=== Thu  2 Jul 04:22:06 UTC 2026 ===
0, 21215 MiB, 99 %
1, 877 MiB, 0 %
=== Thu  2 Jul 04:27:06 UTC 2026 ===
0, 22395 MiB, 100 %
1, 877 MiB, 0 %
=== Thu  2 Jul 04:32:06 UTC 2026 ===
0, 22935 MiB, 100 %
1, 877 MiB, 0 %
=== Thu  2 Jul 04:37:06 UTC 2026 ===
0, 21255 MiB, 100 %
1, 877 MiB, 0 %
=== Thu  2 Jul 04:42:06 UTC 2026 ===
0, 21195 MiB, 100 %
1, 877 MiB, 0 %
=== Thu  2 Jul 04:47:06 UTC 2026 ===
0, 22515 MiB, 100 %
1, 877 MiB, 0 %
=== Thu  2 Jul 04:52:06 UTC 2026 ===
0, 22955 MiB, 100 %
1, 877 MiB, 0 %
=== Thu  2 Jul 04:57:06 UTC 2026 ===
0, 22315 MiB, 100 %
1, 877 MiB, 0 %
=== Thu  2 Jul 05:02:06 UTC 2026 ===
0, 22515 MiB, 100 %
1, 877 MiB, 0 %
=== Thu  2 Jul 05:07:06 UTC 2026 ===
0, 22515 MiB, 100 %
1, 877 MiB, 0 %
=== Thu  2 Jul 05:12:06 UTC 2026 ===
0, 22915 MiB, 100 %
1, 877 MiB, 0 %
=== Thu  2 Jul 05:17:06 UTC 2026 ===
0, 21255 MiB, 100 %
1, 877 MiB, 0 %
=== Thu  2 Jul 05:22:06 UTC 2026 ===
0, 21255 MiB, 100 %
1, 877 MiB, 0 %
=== Thu  2 Jul 05:27:06 UTC 2026 ===
0, 21235 MiB, 100 %
1, 877 MiB, 0 %
=== Thu  2 Jul 05:32:06 UTC 2026 ===
0, 22475 MiB, 100 %
1, 877 MiB, 0 %
=== Thu  2 Jul 05:37:06 UTC 2026 ===
0, 22995 MiB, 100 %
1, 877 MiB, 0 %
=== Thu  2 Jul 05:42:06 UTC 2026 ===
0, 22975 MiB, 100 %
1, 877 MiB, 0 %
=== Thu  2 Jul 05:47:06 UTC 2026 ===
0, 22535 MiB, 100 %
1, 877 MiB, 0 %
=== Thu  2 Jul 05:52:06 UTC 2026 ===
0, 23175 MiB, 100 %
1, 877 MiB, 0 %
=== Thu  2 Jul 05:57:06 UTC 2026 ===
0, 22815 MiB, 100 %
1, 877 MiB, 0 %
=== Thu  2 Jul 06:02:06 UTC 2026 ===
0, 22975 MiB, 100 %
1, 877 MiB, 0 %
=== Thu  2 Jul 06:07:07 UTC 2026 ===
0, 21195 MiB, 100 %
1, 877 MiB, 0 %
=== Thu  2 Jul 06:12:07 UTC 2026 ===
0, 21195 MiB, 100 %
1, 877 MiB, 0 %
=== Thu  2 Jul 06:17:07 UTC 2026 ===
0, 21235 MiB, 100 %
1, 877 MiB, 0 %
=== Thu  2 Jul 06:22:07 UTC 2026 ===
0, 21195 MiB, 100 %
1, 877 MiB, 0 %
=== Thu  2 Jul 06:27:07 UTC 2026 ===
0, 22941 MiB, 100 %
1, 877 MiB, 0 %
=== Thu  2 Jul 06:32:07 UTC 2026 ===
0, 22995 MiB, 100 %
1, 877 MiB, 0 %
=== Thu  2 Jul 06:37:07 UTC 2026 ===
0, 22901 MiB, 100 %
1, 877 MiB, 0 %
=== Thu  2 Jul 06:42:07 UTC 2026 ===
0, 22935 MiB, 100 %
1, 877 MiB, 0 %
=== Thu  2 Jul 06:47:07 UTC 2026 ===
0, 21261 MiB, 100 %
1, 877 MiB, 0 %
=== Thu  2 Jul 06:52:07 UTC 2026 ===
0, 21255 MiB, 100 %
1, 877 MiB, 0 %
=== Thu  2 Jul 06:57:07 UTC 2026 ===
0, 22955 MiB, 100 %
1, 877 MiB, 0 %
=== Thu  2 Jul 07:02:07 UTC 2026 ===
0, 22515 MiB, 100 %
1, 877 MiB, 0 %
=== Thu  2 Jul 07:07:07 UTC 2026 ===
0, 22955 MiB, 100 %
1, 877 MiB, 0 %
=== Thu  2 Jul 07:12:07 UTC 2026 ===
0, 23035 MiB, 100 %
1, 877 MiB, 0 %
=== Thu  2 Jul 07:17:07 UTC 2026 ===
0, 22495 MiB, 100 %
1, 877 MiB, 0 %
=== Thu  2 Jul 07:22:07 UTC 2026 ===
0, 22975 MiB, 100 %
1, 877 MiB, 0 %
=== Thu  2 Jul 07:27:07 UTC 2026 ===
0, 21755 MiB, 100 %
1, 877 MiB, 0 %
=== Thu  2 Jul 07:32:07 UTC 2026 ===
0, 21195 MiB, 100 %
1, 877 MiB, 0 %
=== Thu  2 Jul 07:37:07 UTC 2026 ===
0, 23041 MiB, 100 %
1, 877 MiB, 0 %
=== Thu  2 Jul 07:42:07 UTC 2026 ===
0, 21215 MiB, 100 %
1, 877 MiB, 0 %
=== Thu  2 Jul 07:47:07 UTC 2026 ===
0, 22915 MiB, 100 %
1, 877 MiB, 0 %
=== Thu  2 Jul 07:52:08 UTC 2026 ===
0, 21235 MiB, 96 %
1, 877 MiB, 0 %
=== Thu  2 Jul 07:57:08 UTC 2026 ===
0, 22795 MiB, 100 %
1, 877 MiB, 0 %
=== Thu  2 Jul 08:02:08 UTC 2026 ===
0, 21195 MiB, 100 %
1, 877 MiB, 0 %
=== Thu  2 Jul 08:07:08 UTC 2026 ===
0, 21255 MiB, 100 %
1, 877 MiB, 0 %
=== Thu  2 Jul 08:12:08 UTC 2026 ===
0, 22615 MiB, 100 %
1, 877 MiB, 0 %
=== Thu  2 Jul 08:17:08 UTC 2026 ===
0, 21255 MiB, 100 %
1, 914 MiB, 0 %
=== Thu  2 Jul 08:22:08 UTC 2026 ===
0, 22975 MiB, 100 %
1, 876 MiB, 0 %
=== Thu  2 Jul 08:27:08 UTC 2026 ===
0, 22955 MiB, 100 %
1, 876 MiB, 0 %
=== Thu  2 Jul 08:32:08 UTC 2026 ===
0, 22495 MiB, 100 %
1, 876 MiB, 0 %
=== Thu  2 Jul 08:37:08 UTC 2026 ===
0, 22915 MiB, 100 %
1, 876 MiB, 0 %
=== Thu  2 Jul 08:42:08 UTC 2026 ===
0, 22975 MiB, 100 %
1, 876 MiB, 0 %
=== Thu  2 Jul 08:47:08 UTC 2026 ===
0, 21695 MiB, 100 %
1, 876 MiB, 0 %
=== Thu  2 Jul 08:52:08 UTC 2026 ===
0, 23015 MiB, 100 %
1, 876 MiB, 0 %
=== Thu  2 Jul 08:57:08 UTC 2026 ===
0, 21195 MiB, 100 %
1, 876 MiB, 0 %
=== Thu  2 Jul 09:02:08 UTC 2026 ===
0, 22981 MiB, 100 %
1, 876 MiB, 0 %
=== Thu  2 Jul 09:07:08 UTC 2026 ===
0, 22975 MiB, 100 %
1, 876 MiB, 0 %
=== Thu  2 Jul 09:12:08 UTC 2026 ===
0, 23035 MiB, 100 %
1, 876 MiB, 0 %
=== Thu  2 Jul 09:17:08 UTC 2026 ===
0, 22955 MiB, 100 %
1, 876 MiB, 0 %
=== Thu  2 Jul 09:22:08 UTC 2026 ===
0, 22495 MiB, 100 %
1, 876 MiB, 0 %
=== Thu  2 Jul 09:27:08 UTC 2026 ===
0, 22955 MiB, 100 %
1, 876 MiB, 0 %
=== Thu  2 Jul 09:32:08 UTC 2026 ===
0, 22515 MiB, 100 %
1, 876 MiB, 0 %
=== Thu  2 Jul 09:37:08 UTC 2026 ===
0, 21215 MiB, 100 %
1, 876 MiB, 0 %
=== Thu  2 Jul 09:42:09 UTC 2026 ===
0, 22955 MiB, 100 %
1, 854 MiB, 0 %
=== Thu  2 Jul 09:47:09 UTC 2026 ===
0, 22955 MiB, 100 %
1, 866 MiB, 6 %
=== Thu  2 Jul 09:52:09 UTC 2026 ===
0, 21995 MiB, 100 %
1, 868 MiB, 0 %
=== Thu  2 Jul 09:57:09 UTC 2026 ===
0, 21255 MiB, 100 %
1, 878 MiB, 2 %
=== Thu  2 Jul 10:02:09 UTC 2026 ===
0, 23548 MiB, 100 %
1, 890 MiB, 0 %
=== Thu  2 Jul 10:07:09 UTC 2026 ===
0, 21201 MiB, 90 %
1, 1650 MiB, 6 %
=== Thu  2 Jul 10:12:09 UTC 2026 ===
0, 14663 MiB, 49 %
1, 1650 MiB, 10 %
=== Thu  2 Jul 10:17:09 UTC 2026 ===
0, 18 MiB, 0 %
1, 1587 MiB, 18 %
=== Thu  2 Jul 10:22:09 UTC 2026 ===
0, 18 MiB, 0 %
1, 829 MiB, 19 %
=== Thu  2 Jul 10:27:09 UTC 2026 ===
0, 15 MiB, 0 %
1, 832 MiB, 0 %
=== Thu  2 Jul 10:32:09 UTC 2026 ===
0, 15 MiB, 0 %
1, 836 MiB, 0 %
=== Thu  2 Jul 10:37:09 UTC 2026 ===
0, 15 MiB, 0 %
1, 836 MiB, 0 %
=== Thu  2 Jul 10:42:09 UTC 2026 ===
0, 15 MiB, 0 %
1, 836 MiB, 11 %
=== Thu  2 Jul 10:47:09 UTC 2026 ===
0, 15 MiB, 0 %
1, 836 MiB, 0 %
=== Thu  2 Jul 10:52:09 UTC 2026 ===
0, 15 MiB, 0 %
1, 836 MiB, 0 %
=== Thu  2 Jul 10:57:09 UTC 2026 ===
0, 18 MiB, 0 %
1, 839 MiB, 4 %
=== Thu  2 Jul 11:02:09 UTC 2026 ===
0, 18 MiB, 0 %
1, 839 MiB, 19 %
=== Thu  2 Jul 11:07:10 UTC 2026 ===
0, 18 MiB, 0 %
1, 839 MiB, 23 %
=== Thu  2 Jul 11:12:10 UTC 2026 ===
0, 18 MiB, 0 %
1, 839 MiB, 9 %
=== Thu  2 Jul 11:17:10 UTC 2026 ===
0, 22050 MiB, 100 %
1, 839 MiB, 0 %
=== Thu  2 Jul 11:22:10 UTC 2026 ===
0, 24030 MiB, 100 %
1, 839 MiB, 0 %
=== Thu  2 Jul 11:27:10 UTC 2026 ===
0, 23850 MiB, 100 %
1, 839 MiB, 1 %
=== Thu  2 Jul 11:32:10 UTC 2026 ===
0, 22054 MiB, 0 %
1, 843 MiB, 5 %
=== Thu  2 Jul 11:37:11 UTC 2026 ===
0, 18 MiB, 0 %
1, 843 MiB, 0 %
=== Thu  2 Jul 11:42:11 UTC 2026 ===
0, 18 MiB, 0 %
1, 843 MiB, 16 %
=== Thu  2 Jul 11:47:11 UTC 2026 ===
0, 23310 MiB, 100 %
1, 843 MiB, 0 %
=== Thu  2 Jul 11:52:11 UTC 2026 ===
0, 22072 MiB, 21 %
1, 844 MiB, 0 %
=== Thu  2 Jul 11:57:11 UTC 2026 ===
0, 22050 MiB, 49 %
1, 844 MiB, 0 %
=== Thu  2 Jul 12:02:12 UTC 2026 ===
0, 23290 MiB, 100 %
1, 856 MiB, 0 %
=== Thu  2 Jul 12:07:12 UTC 2026 ===
0, 23930 MiB, 100 %
1, 856 MiB, 10 %
=== Thu  2 Jul 12:12:12 UTC 2026 ===
0, 23710 MiB, 100 %
1, 842 MiB, 11 %
=== Thu  2 Jul 12:17:12 UTC 2026 ===
0, 22910 MiB, 100 %
1, 863 MiB, 24 %
=== Thu  2 Jul 12:22:12 UTC 2026 ===
0, 23950 MiB, 100 %
1, 887 MiB, 56 %
=== Thu  2 Jul 12:27:12 UTC 2026 ===
0, 23370 MiB, 100 %
1, 905 MiB, 0 %
=== Thu  2 Jul 12:32:13 UTC 2026 ===
0, 22050 MiB, 100 %
1, 898 MiB, 18 %
=== Thu  2 Jul 12:37:13 UTC 2026 ===
0, 23310 MiB, 100 %
1, 984 MiB, 0 %
=== Thu  2 Jul 12:42:13 UTC 2026 ===
0, 23670 MiB, 100 %
1, 887 MiB, 2 %
=== Thu  2 Jul 12:47:13 UTC 2026 ===
0, 23870 MiB, 100 %
1, 722 MiB, 5 %
=== Thu  2 Jul 12:52:13 UTC 2026 ===
0, 22070 MiB, 100 %
1, 722 MiB, 7 %
=== Thu  2 Jul 12:57:14 UTC 2026 ===
0, 22090 MiB, 100 %
1, 768 MiB, 20 %
=== Thu  2 Jul 13:02:14 UTC 2026 ===
0, 23930 MiB, 100 %
1, 844 MiB, 0 %
=== Thu  2 Jul 13:07:14 UTC 2026 ===
0, 23370 MiB, 100 %
1, 844 MiB, 0 %
=== Thu  2 Jul 13:12:14 UTC 2026 ===
0, 23850 MiB, 100 %
1, 879 MiB, 0 %
=== Thu  2 Jul 13:17:14 UTC 2026 ===
0, 23950 MiB, 100 %
1, 1029 MiB, 14 %
=== Thu  2 Jul 13:22:14 UTC 2026 ===
0, 22070 MiB, 100 %
1, 1230 MiB, 0 %
=== Thu  2 Jul 13:27:14 UTC 2026 ===
0, 23376 MiB, 100 %
1, 1200 MiB, 0 %
=== Thu  2 Jul 13:32:14 UTC 2026 ===
0, 23870 MiB, 100 %
1, 1201 MiB, 0 %
=== Thu  2 Jul 13:37:14 UTC 2026 ===
0, 23650 MiB, 100 %
1, 1200 MiB, 21 %
=== Thu  2 Jul 13:42:14 UTC 2026 ===
0, 23690 MiB, 100 %
1, 1200 MiB, 71 %
=== Thu  2 Jul 13:47:14 UTC 2026 ===
0, 23590 MiB, 100 %
1, 1206 MiB, 24 %
=== Thu  2 Jul 13:52:15 UTC 2026 ===
0, 23450 MiB, 100 %
1, 1200 MiB, 13 %
=== Thu  2 Jul 13:57:15 UTC 2026 ===
0, 23650 MiB, 100 %
1, 1170 MiB, 0 %
=== Thu  2 Jul 14:02:15 UTC 2026 ===
0, 23310 MiB, 100 %
1, 1207 MiB, 7 %
=== Thu  2 Jul 14:07:15 UTC 2026 ===
0, 22050 MiB, 100 %
1, 1207 MiB, 34 %
=== Thu  2 Jul 14:12:15 UTC 2026 ===
0, 22070 MiB, 100 %
1, 1207 MiB, 17 %
=== Thu  2 Jul 14:17:15 UTC 2026 ===
0, 23310 MiB, 100 %
1, 1194 MiB, 0 %
=== Thu  2 Jul 14:22:15 UTC 2026 ===
0, 23390 MiB, 100 %
1, 1225 MiB, 0 %
=== Thu  2 Jul 14:27:15 UTC 2026 ===
0, 22070 MiB, 93 %
1, 1225 MiB, 23 %
=== Thu  2 Jul 14:32:15 UTC 2026 ===
0, 22056 MiB, 97 %
1, 1225 MiB, 0 %
=== Thu  2 Jul 14:37:15 UTC 2026 ===
0, 22070 MiB, 100 %
1, 1219 MiB, 54 %
=== Thu  2 Jul 14:42:15 UTC 2026 ===
0, 23670 MiB, 100 %
1, 1195 MiB, 32 %
=== Thu  2 Jul 14:47:15 UTC 2026 ===
0, 23930 MiB, 100 %
1, 1231 MiB, 22 %
=== Thu  2 Jul 14:52:15 UTC 2026 ===
0, 22030 MiB, 100 %
1, 1195 MiB, 61 %
=== Thu  2 Jul 14:57:16 UTC 2026 ===
0, 22870 MiB, 100 %
1, 16947 MiB, 27 %
=== Thu  2 Jul 15:02:16 UTC 2026 ===
0, 23590 MiB, 100 %
1, 1225 MiB, 23 %
=== Thu  2 Jul 15:07:16 UTC 2026 ===
0, 23690 MiB, 100 %
1, 1244 MiB, 28 %
=== Thu  2 Jul 15:12:16 UTC 2026 ===
0, 23870 MiB, 100 %
1, 1229 MiB, 16 %
=== Thu  2 Jul 15:17:16 UTC 2026 ===
0, 23590 MiB, 100 %
1, 1212 MiB, 18 %
=== Thu  2 Jul 15:22:16 UTC 2026 ===
0, 22050 MiB, 96 %
1, 2090 MiB, 19 %
=== Thu  2 Jul 15:27:16 UTC 2026 ===
0, 22050 MiB, 100 %
1, 1414 MiB, 32 %
=== Thu  2 Jul 15:32:16 UTC 2026 ===
0, 23950 MiB, 100 %
1, 17148 MiB, 36 %
=== Thu  2 Jul 15:37:16 UTC 2026 ===
0, 23950 MiB, 100 %
1, 1414 MiB, 0 %
=== Thu  2 Jul 15:42:16 UTC 2026 ===
0, 23816 MiB, 100 %
1, 1414 MiB, 21 %
=== Thu  2 Jul 15:47:16 UTC 2026 ===
0, 22070 MiB, 100 %
1, 1383 MiB, 26 %
=== Thu  2 Jul 15:52:16 UTC 2026 ===
0, 23290 MiB, 100 %
1, 1408 MiB, 47 %
=== Thu  2 Jul 15:57:16 UTC 2026 ===
0, 23950 MiB, 100 %
1, 1384 MiB, 50 %
=== Thu  2 Jul 16:02:16 UTC 2026 ===
0, 23930 MiB, 100 %
1, 1383 MiB, 31 %
=== Thu  2 Jul 16:07:16 UTC 2026 ===
0, 23890 MiB, 100 %
1, 1383 MiB, 28 %
=== Thu  2 Jul 16:12:17 UTC 2026 ===
0, 22050 MiB, 100 %
1, 1454 MiB, 29 %
=== Thu  2 Jul 16:17:17 UTC 2026 ===
0, 23870 MiB, 100 %
1, 1406 MiB, 13 %
=== Thu  2 Jul 16:22:17 UTC 2026 ===
0, 23510 MiB, 100 %
1, 17158 MiB, 32 %
=== Thu  2 Jul 16:27:17 UTC 2026 ===
0, 22070 MiB, 93 %
1, 17136 MiB, 85 %
=== Thu  2 Jul 16:32:17 UTC 2026 ===
0, 23930 MiB, 100 %
1, 24082 MiB, 27 %
=== Thu  2 Jul 16:37:17 UTC 2026 ===
0, 23530 MiB, 100 %
1, 1384 MiB, 25 %
=== Thu  2 Jul 16:42:17 UTC 2026 ===
0, 22070 MiB, 100 %
1, 17136 MiB, 29 %
=== Thu  2 Jul 16:47:17 UTC 2026 ===
0, 22036 MiB, 55 %
1, 17136 MiB, 35 %
=== Thu  2 Jul 16:52:17 UTC 2026 ===
0, 23710 MiB, 100 %
1, 17136 MiB, 0 %
=== Thu  2 Jul 16:57:17 UTC 2026 ===
0, 23050 MiB, 100 %
1, 17136 MiB, 27 %
=== Thu  2 Jul 17:02:17 UTC 2026 ===
0, 15 MiB, 0 %
1, 17136 MiB, 99 %
=== Thu  2 Jul 17:07:17 UTC 2026 ===
0, 15 MiB, 0 %
1, 17136 MiB, 77 %
=== Thu  2 Jul 17:12:17 UTC 2026 ===
0, 15 MiB, 0 %
1, 17136 MiB, 20 %
=== Thu  2 Jul 17:17:18 UTC 2026 ===
0, 18 MiB, 0 %
1, 17136 MiB, 12 %
=== Thu  2 Jul 17:22:18 UTC 2026 ===
0, 18 MiB, 0 %
1, 17136 MiB, 20 %
=== Thu  2 Jul 17:27:18 UTC 2026 ===
0, 18 MiB, 0 %
1, 17136 MiB, 7 %
=== Thu  2 Jul 17:32:18 UTC 2026 ===
0, 18 MiB, 0 %
1, 17136 MiB, 6 %
=== Thu  2 Jul 17:37:18 UTC 2026 ===
0, 18 MiB, 0 %
1, 17136 MiB, 0 %
=== Thu  2 Jul 17:42:18 UTC 2026 ===
0, 18 MiB, 0 %
1, 17136 MiB, 4 %
=== Thu  2 Jul 17:47:18 UTC 2026 ===
0, 18 MiB, 0 %
1, 17136 MiB, 6 %
=== Thu  2 Jul 17:52:19 UTC 2026 ===
0, 18 MiB, 0 %
1, 17136 MiB, 23 %
=== Thu  2 Jul 17:57:19 UTC 2026 ===
0, 18 MiB, 0 %
1, 17136 MiB, 7 %
=== Thu  2 Jul 18:02:19 UTC 2026 ===
0, 18 MiB, 0 %
1, 17136 MiB, 8 %
=== Thu  2 Jul 18:07:19 UTC 2026 ===
0, 18 MiB, 0 %
1, 17136 MiB, 0 %
=== Thu  2 Jul 18:12:19 UTC 2026 ===
0, 18 MiB, 0 %
1, 17136 MiB, 0 %
=== Thu  2 Jul 18:17:19 UTC 2026 ===
0, 18 MiB, 0 %
1, 17136 MiB, 8 %
=== Thu  2 Jul 18:22:20 UTC 2026 ===
0, 18 MiB, 0 %
1, 17136 MiB, 0 %
=== Thu  2 Jul 18:27:20 UTC 2026 ===
0, 18 MiB, 0 %
1, 17136 MiB, 14 %
=== Thu  2 Jul 18:32:20 UTC 2026 ===
0, 18 MiB, 0 %
1, 17136 MiB, 21 %
=== Thu  2 Jul 18:37:20 UTC 2026 ===
0, 18 MiB, 0 %
1, 17136 MiB, 0 %
=== Thu  2 Jul 18:42:20 UTC 2026 ===
0, 18 MiB, 0 %
1, 17136 MiB, 8 %
=== Thu  2 Jul 18:47:20 UTC 2026 ===
0, 18 MiB, 0 %
1, 17136 MiB, 18 %
=== Thu  2 Jul 18:52:21 UTC 2026 ===
0, 18 MiB, 0 %
1, 17136 MiB, 6 %
=== Thu  2 Jul 18:57:21 UTC 2026 ===
0, 18 MiB, 0 %
1, 17136 MiB, 6 %
=== Thu  2 Jul 19:02:21 UTC 2026 ===
0, 18 MiB, 0 %
1, 17136 MiB, 30 %
=== Thu  2 Jul 19:07:21 UTC 2026 ===
0, 18 MiB, 0 %
1, 17136 MiB, 6 %
=== Thu  2 Jul 19:12:21 UTC 2026 ===
0, 18 MiB, 0 %
1, 17136 MiB, 6 %
=== Thu  2 Jul 19:17:22 UTC 2026 ===
0, 18 MiB, 0 %
1, 17136 MiB, 6 %
=== Thu  2 Jul 19:22:22 UTC 2026 ===
0, 18 MiB, 0 %
1, 17136 MiB, 6 %
=== Thu  2 Jul 19:27:22 UTC 2026 ===
0, 18 MiB, 0 %
1, 17136 MiB, 8 %
=== Thu  2 Jul 19:32:22 UTC 2026 ===
0, 18 MiB, 0 %
1, 17136 MiB, 2 %
=== Thu  2 Jul 19:37:22 UTC 2026 ===
0, 18 MiB, 0 %
1, 17136 MiB, 29 %
=== Thu  2 Jul 19:42:22 UTC 2026 ===
0, 18 MiB, 0 %
1, 17136 MiB, 78 %
=== Thu  2 Jul 19:47:22 UTC 2026 ===
0, 18 MiB, 0 %
1, 17136 MiB, 30 %
=== Thu  2 Jul 19:52:22 UTC 2026 ===
0, 18 MiB, 0 %
1, 17136 MiB, 88 %
=== Thu  2 Jul 19:57:22 UTC 2026 ===
0, 18 MiB, 0 %
1, 17136 MiB, 80 %
=== Thu  2 Jul 20:02:22 UTC 2026 ===
0, 18 MiB, 0 %
1, 17136 MiB, 44 %
=== Thu  2 Jul 20:07:23 UTC 2026 ===
0, 18 MiB, 0 %
1, 16468 MiB, 27 %
=== Thu  2 Jul 20:12:23 UTC 2026 ===
0, 18 MiB, 0 %
1, 17136 MiB, 84 %
=== Thu  2 Jul 20:17:23 UTC 2026 ===
0, 18 MiB, 0 %
1, 17136 MiB, 46 %
=== Thu  2 Jul 20:22:23 UTC 2026 ===
0, 18 MiB, 0 %
1, 17136 MiB, 19 %
=== Thu  2 Jul 20:27:23 UTC 2026 ===
0, 18 MiB, 0 %
1, 17136 MiB, 51 %
=== Thu  2 Jul 20:32:23 UTC 2026 ===
0, 18 MiB, 0 %
1, 17136 MiB, 74 %
=== Thu  2 Jul 20:37:23 UTC 2026 ===
0, 18 MiB, 0 %
1, 17136 MiB, 11 %
=== Thu  2 Jul 20:42:23 UTC 2026 ===
0, 18 MiB, 0 %
1, 17136 MiB, 38 %
=== Thu  2 Jul 20:47:23 UTC 2026 ===
0, 18 MiB, 0 %
1, 17136 MiB, 75 %
=== Thu  2 Jul 20:52:23 UTC 2026 ===
0, 18 MiB, 0 %
1, 17136 MiB, 38 %
=== Thu  2 Jul 20:57:23 UTC 2026 ===
0, 18 MiB, 0 %
1, 17136 MiB, 35 %
=== Thu  2 Jul 21:02:23 UTC 2026 ===
0, 15 MiB, 0 %
1, 17136 MiB, 98 %
=== Thu  2 Jul 21:07:23 UTC 2026 ===
0, 15 MiB, 0 %
1, 17136 MiB, 66 %
=== Thu  2 Jul 21:12:23 UTC 2026 ===
0, 15 MiB, 0 %
1, 17136 MiB, 76 %
=== Thu  2 Jul 21:17:23 UTC 2026 ===
0, 15 MiB, 0 %
1, 17136 MiB, 98 %
=== Thu  2 Jul 21:22:23 UTC 2026 ===
0, 15 MiB, 0 %
1, 17136 MiB, 86 %
=== Thu  2 Jul 21:27:23 UTC 2026 ===
0, 15 MiB, 0 %
1, 17136 MiB, 99 %
=== Thu  2 Jul 21:32:23 UTC 2026 ===
0, 15 MiB, 0 %
1, 1381 MiB, 14 %
=== Thu  2 Jul 21:37:24 UTC 2026 ===
0, 15 MiB, 0 %
1, 1381 MiB, 0 %
=== Thu  2 Jul 21:42:24 UTC 2026 ===
0, 15 MiB, 0 %
1, 1381 MiB, 0 %
=== Thu  2 Jul 21:47:24 UTC 2026 ===
0, 15 MiB, 0 %
1, 1381 MiB, 0 %
=== Thu  2 Jul 21:52:24 UTC 2026 ===
0, 15 MiB, 0 %
1, 1381 MiB, 0 %
=== Thu  2 Jul 21:57:24 UTC 2026 ===
0, 15 MiB, 0 %
1, 1381 MiB, 0 %
=== Thu  2 Jul 22:02:24 UTC 2026 ===
0, 15 MiB, 0 %
1, 1381 MiB, 0 %
=== Thu  2 Jul 22:07:24 UTC 2026 ===
0, 15 MiB, 0 %
1, 1381 MiB, 0 %
=== Thu  2 Jul 22:12:24 UTC 2026 ===
0, 15 MiB, 0 %
1, 1381 MiB, 0 %
=== Thu  2 Jul 22:17:24 UTC 2026 ===
0, 15 MiB, 0 %
1, 1381 MiB, 0 %
=== Thu  2 Jul 22:22:24 UTC 2026 ===
0, 15 MiB, 0 %
1, 1381 MiB, 0 %
=== Thu  2 Jul 22:27:24 UTC 2026 ===
0, 15 MiB, 0 %
1, 1381 MiB, 0 %
=== Thu  2 Jul 22:32:24 UTC 2026 ===
0, 15 MiB, 0 %
1, 1381 MiB, 0 %
=== Thu  2 Jul 22:37:24 UTC 2026 ===
0, 15 MiB, 0 %
1, 1381 MiB, 0 %
=== Thu  2 Jul 22:42:24 UTC 2026 ===
0, 15 MiB, 0 %
1, 1381 MiB, 0 %
=== Thu  2 Jul 22:47:24 UTC 2026 ===
0, 15 MiB, 0 %
1, 1381 MiB, 0 %
=== Thu  2 Jul 22:52:24 UTC 2026 ===
0, 15 MiB, 0 %
1, 1381 MiB, 0 %
=== Thu  2 Jul 22:57:24 UTC 2026 ===
0, 15 MiB, 0 %
1, 1381 MiB, 0 %
=== Thu  2 Jul 23:02:24 UTC 2026 ===
0, 15 MiB, 0 %
1, 1381 MiB, 0 %
=== Thu  2 Jul 23:07:25 UTC 2026 ===
0, 15 MiB, 0 %
1, 1381 MiB, 0 %
=== Thu  2 Jul 23:12:25 UTC 2026 ===
0, 15 MiB, 0 %
1, 1381 MiB, 0 %
=== Thu  2 Jul 23:17:25 UTC 2026 ===
0, 15 MiB, 0 %
1, 1381 MiB, 0 %
=== Thu  2 Jul 23:22:25 UTC 2026 ===
0, 15 MiB, 0 %
1, 1381 MiB, 0 %
=== Thu  2 Jul 23:27:25 UTC 2026 ===
0, 15 MiB, 0 %
1, 1381 MiB, 0 %
=== Thu  2 Jul 23:32:25 UTC 2026 ===
0, 15 MiB, 0 %
1, 1381 MiB, 0 %
=== Thu  2 Jul 23:37:25 UTC 2026 ===
0, 15 MiB, 0 %
1, 1381 MiB, 0 %
=== Thu  2 Jul 23:42:25 UTC 2026 ===
0, 15 MiB, 0 %
1, 1381 MiB, 0 %
=== Thu  2 Jul 23:47:25 UTC 2026 ===
0, 15 MiB, 0 %
1, 1381 MiB, 0 %
=== Thu  2 Jul 23:52:25 UTC 2026 ===
0, 15 MiB, 0 %
1, 1381 MiB, 0 %
=== Thu  2 Jul 23:57:25 UTC 2026 ===
0, 15 MiB, 0 %
1, 1381 MiB, 0 %
=== Fri  3 Jul 00:02:25 UTC 2026 ===
0, 15 MiB, 0 %
1, 1381 MiB, 0 %
=== Fri  3 Jul 00:07:25 UTC 2026 ===
0, 15 MiB, 0 %
1, 1381 MiB, 0 %
=== Fri  3 Jul 00:12:25 UTC 2026 ===
0, 15 MiB, 0 %
1, 1381 MiB, 0 %
=== Fri  3 Jul 00:17:25 UTC 2026 ===
0, 15 MiB, 0 %
1, 1381 MiB, 0 %
=== Fri  3 Jul 00:22:25 UTC 2026 ===
0, 15 MiB, 0 %
1, 1381 MiB, 0 %
=== Fri  3 Jul 00:27:25 UTC 2026 ===
0, 15 MiB, 0 %
1, 1381 MiB, 0 %
=== Fri  3 Jul 00:32:25 UTC 2026 ===
0, 15 MiB, 0 %
1, 1381 MiB, 0 %
=== Fri  3 Jul 00:37:26 UTC 2026 ===
0, 15 MiB, 0 %
1, 1381 MiB, 0 %
=== Fri  3 Jul 00:42:26 UTC 2026 ===
0, 15 MiB, 0 %
1, 1381 MiB, 0 %
=== Fri  3 Jul 00:47:26 UTC 2026 ===
0, 15 MiB, 0 %
1, 1381 MiB, 0 %
=== Fri  3 Jul 00:52:26 UTC 2026 ===
0, 15 MiB, 0 %
1, 1381 MiB, 0 %
=== Fri  3 Jul 00:57:26 UTC 2026 ===
0, 15 MiB, 0 %
1, 1381 MiB, 0 %
=== Fri  3 Jul 01:02:26 UTC 2026 ===
0, 15 MiB, 0 %
1, 1381 MiB, 0 %
=== Fri  3 Jul 01:07:26 UTC 2026 ===
0, 15 MiB, 0 %
1, 1381 MiB, 0 %
=== Fri  3 Jul 01:12:26 UTC 2026 ===
0, 15 MiB, 0 %
1, 1381 MiB, 0 %
=== Fri  3 Jul 01:17:26 UTC 2026 ===
0, 15 MiB, 0 %
1, 1381 MiB, 0 %
=== Fri  3 Jul 01:22:26 UTC 2026 ===
0, 15 MiB, 0 %
1, 1381 MiB, 0 %
=== Fri  3 Jul 01:27:26 UTC 2026 ===
0, 15 MiB, 0 %
1, 1381 MiB, 0 %
=== Fri  3 Jul 01:32:26 UTC 2026 ===
0, 15 MiB, 0 %
1, 1381 MiB, 0 %
=== Fri  3 Jul 01:37:26 UTC 2026 ===
0, 15 MiB, 0 %
1, 1381 MiB, 0 %
=== Fri  3 Jul 01:42:26 UTC 2026 ===
0, 15 MiB, 0 %
1, 1381 MiB, 0 %
=== Fri  3 Jul 01:47:26 UTC 2026 ===
0, 15 MiB, 0 %
1, 1381 MiB, 0 %
=== Fri  3 Jul 01:52:26 UTC 2026 ===
0, 15 MiB, 0 %
1, 1381 MiB, 0 %
=== Fri  3 Jul 01:57:26 UTC 2026 ===
0, 15 MiB, 0 %
1, 1381 MiB, 0 %
=== Fri  3 Jul 02:02:26 UTC 2026 ===
0, 15 MiB, 0 %
1, 1381 MiB, 0 %
=== Fri  3 Jul 02:07:27 UTC 2026 ===
0, 15 MiB, 0 %
1, 1381 MiB, 0 %
=== Fri  3 Jul 02:12:27 UTC 2026 ===
0, 15 MiB, 0 %
1, 1381 MiB, 0 %
=== Fri  3 Jul 02:17:27 UTC 2026 ===
0, 15 MiB, 0 %
1, 1381 MiB, 0 %
=== Fri  3 Jul 02:22:27 UTC 2026 ===
0, 15 MiB, 0 %
1, 1381 MiB, 0 %
=== Fri  3 Jul 02:27:27 UTC 2026 ===
0, 15 MiB, 0 %
1, 1381 MiB, 0 %
=== Fri  3 Jul 02:32:27 UTC 2026 ===
0, 15 MiB, 0 %
1, 1381 MiB, 0 %
=== Fri  3 Jul 02:37:27 UTC 2026 ===
0, 15 MiB, 0 %
1, 1381 MiB, 0 %
=== Fri  3 Jul 02:42:27 UTC 2026 ===
0, 15 MiB, 0 %
1, 1381 MiB, 0 %
=== Fri  3 Jul 02:47:27 UTC 2026 ===
0, 15 MiB, 0 %
1, 1381 MiB, 0 %
=== Fri  3 Jul 02:52:27 UTC 2026 ===
0, 15 MiB, 0 %
1, 1381 MiB, 0 %
=== Fri  3 Jul 02:57:27 UTC 2026 ===
0, 15 MiB, 0 %
1, 1381 MiB, 0 %
=== Fri  3 Jul 03:02:27 UTC 2026 ===
0, 15 MiB, 0 %
1, 1381 MiB, 0 %
=== Fri  3 Jul 03:07:27 UTC 2026 ===
0, 15 MiB, 0 %
1, 1381 MiB, 0 %
=== Fri  3 Jul 03:12:27 UTC 2026 ===
0, 15 MiB, 0 %
1, 1381 MiB, 0 %
=== Fri  3 Jul 03:17:27 UTC 2026 ===
0, 15 MiB, 0 %
1, 1381 MiB, 0 %
=== Fri  3 Jul 03:22:27 UTC 2026 ===
0, 15 MiB, 0 %
1, 1381 MiB, 0 %
=== Fri  3 Jul 03:27:27 UTC 2026 ===
0, 15 MiB, 0 %
1, 1381 MiB, 0 %
=== Fri  3 Jul 03:32:27 UTC 2026 ===
0, 15 MiB, 0 %
1, 1381 MiB, 0 %
=== Fri  3 Jul 03:37:28 UTC 2026 ===
0, 15 MiB, 0 %
1, 1381 MiB, 0 %
=== Fri  3 Jul 03:42:28 UTC 2026 ===
0, 15 MiB, 0 %
1, 1381 MiB, 0 %
=== Fri  3 Jul 03:47:28 UTC 2026 ===
0, 15 MiB, 0 %
1, 1381 MiB, 0 %
=== Fri  3 Jul 03:52:28 UTC 2026 ===
0, 15 MiB, 0 %
1, 1381 MiB, 0 %
=== Fri  3 Jul 03:57:28 UTC 2026 ===
0, 15 MiB, 0 %
1, 1381 MiB, 0 %
=== Fri  3 Jul 04:02:28 UTC 2026 ===
0, 15 MiB, 0 %
1, 1381 MiB, 0 %
=== Fri  3 Jul 04:07:28 UTC 2026 ===
0, 15 MiB, 0 %
1, 1381 MiB, 0 %
=== Fri  3 Jul 04:12:28 UTC 2026 ===
0, 15 MiB, 0 %
1, 1381 MiB, 0 %
=== Fri  3 Jul 04:17:28 UTC 2026 ===
0, 15 MiB, 0 %
1, 1381 MiB, 0 %
=== Fri  3 Jul 04:22:28 UTC 2026 ===
0, 15 MiB, 0 %
1, 1381 MiB, 0 %
=== Fri  3 Jul 04:27:28 UTC 2026 ===
0, 15 MiB, 0 %
1, 1381 MiB, 0 %
=== Fri  3 Jul 04:32:28 UTC 2026 ===
0, 15 MiB, 0 %
1, 1381 MiB, 0 %
=== Fri  3 Jul 04:37:28 UTC 2026 ===
0, 15 MiB, 0 %
1, 1381 MiB, 0 %
=== Fri  3 Jul 04:42:28 UTC 2026 ===
0, 15 MiB, 0 %
1, 1381 MiB, 0 %
=== Fri  3 Jul 04:47:28 UTC 2026 ===
0, 15 MiB, 0 %
1, 1381 MiB, 0 %
=== Fri  3 Jul 04:52:28 UTC 2026 ===
0, 15 MiB, 0 %
1, 1381 MiB, 0 %
=== Fri  3 Jul 04:57:28 UTC 2026 ===
0, 15 MiB, 0 %
1, 1381 MiB, 0 %
=== Fri  3 Jul 05:02:28 UTC 2026 ===
0, 15 MiB, 0 %
1, 1381 MiB, 0 %
=== Fri  3 Jul 05:07:29 UTC 2026 ===
0, 15 MiB, 0 %
1, 1381 MiB, 0 %
=== Fri  3 Jul 05:12:29 UTC 2026 ===
0, 15 MiB, 0 %
1, 1381 MiB, 0 %
=== Fri  3 Jul 05:17:29 UTC 2026 ===
0, 15 MiB, 0 %
1, 1381 MiB, 0 %
=== Fri  3 Jul 05:22:29 UTC 2026 ===
0, 15 MiB, 0 %
1, 1381 MiB, 0 %
=== Fri  3 Jul 05:27:29 UTC 2026 ===
0, 15 MiB, 0 %
1, 1381 MiB, 0 %
=== Fri  3 Jul 05:32:29 UTC 2026 ===
0, 15 MiB, 0 %
1, 1382 MiB, 0 %
=== Fri  3 Jul 05:37:29 UTC 2026 ===
0, 15 MiB, 0 %
1, 1382 MiB, 0 %
=== Fri  3 Jul 05:42:29 UTC 2026 ===
0, 15 MiB, 0 %
1, 1382 MiB, 0 %
=== Fri  3 Jul 05:47:29 UTC 2026 ===
0, 15 MiB, 0 %
1, 1382 MiB, 0 %
=== Fri  3 Jul 05:52:29 UTC 2026 ===
0, 15 MiB, 0 %
1, 1382 MiB, 0 %
=== Fri  3 Jul 05:57:29 UTC 2026 ===
0, 15 MiB, 0 %
1, 1382 MiB, 0 %
=== Fri  3 Jul 06:02:29 UTC 2026 ===
0, 15 MiB, 0 %
1, 1382 MiB, 0 %
=== Fri  3 Jul 06:07:29 UTC 2026 ===
0, 15 MiB, 0 %
1, 1382 MiB, 0 %
=== Fri  3 Jul 06:12:29 UTC 2026 ===
0, 15 MiB, 0 %
1, 1382 MiB, 0 %
=== Fri  3 Jul 06:17:29 UTC 2026 ===
0, 15 MiB, 0 %
1, 1382 MiB, 0 %
=== Fri  3 Jul 06:22:29 UTC 2026 ===
0, 15 MiB, 0 %
1, 1382 MiB, 0 %
=== Fri  3 Jul 06:27:29 UTC 2026 ===
0, 15 MiB, 0 %
1, 1382 MiB, 0 %
=== Fri  3 Jul 06:32:29 UTC 2026 ===
0, 15 MiB, 0 %
1, 1382 MiB, 0 %
=== Fri  3 Jul 06:37:30 UTC 2026 ===
0, 15 MiB, 0 %
1, 1382 MiB, 0 %
=== Fri  3 Jul 06:42:30 UTC 2026 ===
0, 15 MiB, 0 %
1, 1382 MiB, 0 %
=== Fri  3 Jul 06:47:30 UTC 2026 ===
0, 15 MiB, 0 %
1, 1382 MiB, 0 %
=== Fri  3 Jul 06:52:30 UTC 2026 ===
0, 15 MiB, 0 %
1, 1382 MiB, 0 %
=== Fri  3 Jul 06:57:30 UTC 2026 ===
0, 15 MiB, 0 %
1, 1382 MiB, 0 %
=== Fri  3 Jul 07:02:30 UTC 2026 ===
0, 15 MiB, 0 %
1, 1382 MiB, 0 %
=== Fri  3 Jul 07:07:30 UTC 2026 ===
0, 15 MiB, 0 %
1, 1382 MiB, 0 %
=== Fri  3 Jul 07:12:30 UTC 2026 ===
0, 15 MiB, 0 %
1, 1382 MiB, 0 %
=== Fri  3 Jul 07:17:30 UTC 2026 ===
0, 15 MiB, 0 %
1, 1382 MiB, 0 %
=== Fri  3 Jul 07:22:30 UTC 2026 ===
0, 15 MiB, 0 %
1, 1382 MiB, 0 %
=== Fri  3 Jul 07:27:30 UTC 2026 ===
0, 15 MiB, 0 %
1, 1382 MiB, 0 %
=== Fri  3 Jul 07:32:30 UTC 2026 ===
0, 15 MiB, 0 %
1, 1382 MiB, 0 %
=== Fri  3 Jul 07:37:30 UTC 2026 ===
0, 15 MiB, 0 %
1, 1382 MiB, 0 %
=== Fri  3 Jul 07:42:30 UTC 2026 ===
0, 15 MiB, 0 %
1, 1382 MiB, 0 %
=== Fri  3 Jul 07:47:30 UTC 2026 ===
0, 15 MiB, 0 %
1, 1382 MiB, 0 %
=== Fri  3 Jul 07:52:30 UTC 2026 ===
0, 15 MiB, 0 %
1, 1382 MiB, 0 %
=== Fri  3 Jul 07:57:30 UTC 2026 ===
0, 15 MiB, 0 %
1, 1382 MiB, 0 %
=== Fri  3 Jul 08:02:30 UTC 2026 ===
0, 15 MiB, 0 %
1, 1382 MiB, 0 %
=== Fri  3 Jul 08:07:31 UTC 2026 ===
0, 15 MiB, 0 %
1, 1382 MiB, 0 %
=== Fri  3 Jul 08:12:31 UTC 2026 ===
0, 15 MiB, 0 %
1, 1382 MiB, 0 %
=== Fri  3 Jul 08:17:31 UTC 2026 ===
0, 15 MiB, 0 %
1, 1382 MiB, 0 %
=== Fri  3 Jul 08:22:31 UTC 2026 ===
0, 15 MiB, 0 %
1, 1382 MiB, 0 %
=== Fri  3 Jul 08:27:31 UTC 2026 ===
0, 15 MiB, 0 %
1, 1382 MiB, 0 %
=== Fri  3 Jul 08:32:31 UTC 2026 ===
0, 15 MiB, 0 %
1, 1382 MiB, 0 %
=== Fri  3 Jul 08:37:31 UTC 2026 ===
0, 15 MiB, 0 %
1, 1382 MiB, 0 %
=== Fri  3 Jul 08:42:31 UTC 2026 ===
0, 15 MiB, 0 %
1, 1382 MiB, 0 %
=== Fri  3 Jul 08:47:31 UTC 2026 ===
0, 15 MiB, 0 %
1, 1382 MiB, 0 %
=== Fri  3 Jul 08:52:31 UTC 2026 ===
0, 15 MiB, 0 %
1, 1382 MiB, 0 %
=== Fri  3 Jul 08:57:31 UTC 2026 ===
0, 15 MiB, 0 %
1, 1382 MiB, 0 %
=== Fri  3 Jul 09:02:31 UTC 2026 ===
0, 15 MiB, 0 %
1, 1382 MiB, 0 %
=== Fri  3 Jul 09:07:31 UTC 2026 ===
0, 15 MiB, 0 %
1, 1382 MiB, 0 %
=== Fri  3 Jul 09:12:31 UTC 2026 ===
0, 15 MiB, 0 %
1, 1382 MiB, 0 %
=== Fri  3 Jul 09:17:31 UTC 2026 ===
0, 15 MiB, 0 %
1, 1382 MiB, 0 %
=== Fri  3 Jul 09:22:31 UTC 2026 ===
0, 15 MiB, 0 %
1, 1382 MiB, 0 %
=== Fri  3 Jul 09:27:31 UTC 2026 ===
0, 15 MiB, 0 %
1, 1382 MiB, 0 %
=== Fri  3 Jul 09:32:31 UTC 2026 ===
0, 15 MiB, 0 %
1, 1382 MiB, 0 %
=== Fri  3 Jul 09:37:31 UTC 2026 ===
0, 15 MiB, 0 %
1, 1382 MiB, 0 %
=== Fri  3 Jul 09:42:32 UTC 2026 ===
0, 15 MiB, 0 %
1, 1382 MiB, 0 %
=== Fri  3 Jul 09:47:32 UTC 2026 ===
0, 15 MiB, 0 %
1, 1382 MiB, 0 %
=== Fri  3 Jul 09:52:32 UTC 2026 ===
0, 15 MiB, 0 %
1, 1382 MiB, 0 %
=== Fri  3 Jul 09:57:32 UTC 2026 ===
0, 15 MiB, 0 %
1, 1382 MiB, 0 %
=== Fri  3 Jul 10:02:32 UTC 2026 ===
0, 15 MiB, 0 %
1, 1382 MiB, 0 %
=== Fri  3 Jul 10:07:32 UTC 2026 ===
0, 15 MiB, 0 %
1, 1431 MiB, 0 %
=== Fri  3 Jul 10:12:32 UTC 2026 ===
0, 15 MiB, 0 %
1, 1414 MiB, 14 %
