nohup: ignoring input
2026-06-23 15:49:55.875212: I tensorflow/core/util/port.cc:113] oneDNN custom operations are on. You may see slightly different numerical results due to floating-point round-off errors from different computation orders. To turn them off, set the environment variable `TF_ENABLE_ONEDNN_OPTS=0`.
2026-06-23 15:49:55.908211: E external/local_xla/xla/stream_executor/cuda/cuda_dnn.cc:9261] Unable to register cuDNN factory: Attempting to register factory for plugin cuDNN when one has already been registered
2026-06-23 15:49:55.908276: E external/local_xla/xla/stream_executor/cuda/cuda_fft.cc:607] Unable to register cuFFT factory: Attempting to register factory for plugin cuFFT when one has already been registered
2026-06-23 15:49:55.909365: E external/local_xla/xla/stream_executor/cuda/cuda_blas.cc:1515] Unable to register cuBLAS factory: Attempting to register factory for plugin cuBLAS when one has already been registered
2026-06-23 15:49:55.914860: I tensorflow/core/platform/cpu_feature_guard.cc:182] This TensorFlow binary is optimized to use available CPU instructions in performance-critical operations.
To enable the following instructions: AVX2 AVX512F AVX512_VNNI FMA, in other operations, rebuild TensorFlow with the appropriate compiler flags.
2026-06-23 15:49:56.601041: W tensorflow/compiler/tf2tensorrt/utils/py_utils.cc:38] TF-TRT Warning: Could not find TensorRT
/home/40473058@eeecs.qub.ac.uk/vla-injection/.venv/lib/python3.10/site-packages/huggingface_hub/file_download.py:949: FutureWarning: `resume_download` is deprecated and will be removed in version 1.0.0. Downloads always resume when possible. If you want to force a new download, use `force_download=True`.
  warnings.warn(
/home/40473058@eeecs.qub.ac.uk/vla-injection/.venv/lib/python3.10/site-packages/huggingface_hub/file_download.py:949: FutureWarning: `resume_download` is deprecated and will be removed in version 1.0.0. Downloads always resume when possible. If you want to force a new download, use `force_download=True`.
  warnings.warn(
You are attempting to use Flash Attention 2.0 with a model not initialized on GPU. Make sure to move the model to GPU after initializing it on CPU with `model.to('cuda')`.
You are attempting to use Flash Attention 2.0 without specifying a torch dtype. This might lead to unexpected behaviour
Loading checkpoint shards:   0%|          | 0/3 [00:00<?, ?it/s]Loading checkpoint shards:  33%|███▎      | 1/3 [00:00<00:00,  4.01it/s]Loading checkpoint shards:  67%|██████▋   | 2/3 [00:00<00:00,  4.49it/s]Loading checkpoint shards: 100%|██████████| 3/3 [00:00<00:00,  4.78it/s]Loading checkpoint shards: 100%|██████████| 3/3 [00:00<00:00,  4.64it/s]
/home/40473058@eeecs.qub.ac.uk/vla-injection/.venv/lib/python3.10/site-packages/huggingface_hub/file_download.py:949: FutureWarning: `resume_download` is deprecated and will be removed in version 1.0.0. Downloads always resume when possible. If you want to force a new download, use `force_download=True`.
  warnings.warn(
[microbench_gcg] s/target median 1194.47s (n=10, reproducible=True), peak VRAM 21.31 GiB, max candidate-batch B=43
[microbench_gcg] budget-faithful (sw=512/ns=500/eval_batch=32): t_grad=0.217s t_fwd=2.151s => s/step=34.63s, s/target(worst)=17315s [analytic ESTIMATE]
[microbench_gcg] logged -> results/_smoke/2026-06-23T18-09-36Z-gcg-microbench
